[2018-07-11T22:53:31.774] [DEBUG] router - route=posts,username=markangeltruemanendpoint=approved/:1
[2018-07-11T22:53:35.312] [DEBUG] router - route=posts,username=markangeltruemanendpoint=approved/:1
[2018-07-11T22:53:51.243] [DEBUG] router - route=posts,username=markangeltruemanendpoint=toapprove
[2018-07-11T22:54:23.418] [DEBUG] router - route=posts,username=undefinedendpoint=toapprove
[2018-07-11T22:54:25.228] [DEBUG] router - route=posts,username=undefinedendpoint=toapprove
[2018-07-11T22:56:01.501] [DEBUG] router - route=posts,username=undefinedendpoint=approved/:1
[2018-07-11T22:56:01.547] [DEBUG] router - route=posts,username=undefinedendpoint=toapprove
[2018-07-11T22:56:51.111] [DEBUG] router - route=posts,username=markangeltruemanendpoint=approved/:1
[2018-07-11T22:56:51.172] [DEBUG] router - route=posts,username=markangeltruemanendpoint=toapprove
[2018-07-11T23:12:13.281] [DEBUG] router - route=posts,username=markangeltrueman,endpoint=approved/:1
[2018-07-11T23:12:13.342] [DEBUG] router - route=posts,username=markangeltrueman,endpoint=toapprove
[2018-07-11T23:12:14.149] [DEBUG] router - route=posts,username=markangeltrueman,endpoint=approved/:1
[2018-07-11T23:12:15.894] [DEBUG] router - route=posts,username=markangeltrueman,endpoint=toapprove
[2018-07-11T23:12:16.600] [DEBUG] router - route=posts,username=markangeltrueman,endpoint=approved/:1
[2018-07-11T23:15:09.011] [DEBUG] router - route=posts,username=markangeltrueman,endpoint=approved/:1
[2018-07-11T23:15:09.081] [DEBUG] router - route=posts,username=markangeltrueman,endpoint=approved/:1
[2018-07-11T23:15:09.812] [DEBUG] router - route=posts,username=markangeltrueman,endpoint=toapprove
[2018-07-11T23:15:11.461] [DEBUG] router - route=posts,username=markangeltrueman,endpoint=approved/:1
[2018-07-11T23:15:12.101] [DEBUG] router - route=posts,username=markangeltrueman,endpoint=toapprove
[2018-07-11T23:18:21.925] [DEBUG] router - route=posts,username=markangeltrueman,endpoint=approved/:1
[2018-07-11T23:18:21.992] [DEBUG] router - route=posts,username=markangeltrueman,endpoint=toapprove
[2018-07-11T23:19:25.268] [DEBUG] router - route=posts,username=markangeltrueman,endpoint=approved/:1
[2018-07-11T23:19:35.272] [DEBUG] router - route=posts,username=markangeltrueman,endpoint=toapprove
[2018-07-11T23:22:47.735] [DEBUG] router - route=posts,username=markangeltrueman,endpoint=approved/:1
[2018-07-11T23:24:24.258] [DEBUG] router - route=posts,username=markangeltrueman,endpoint=toapprove
[2018-07-11T23:24:36.611] [DEBUG] router - route=posts,username=markangeltrueman,endpoint=approved/:1
[2018-07-11T23:24:37.476] [DEBUG] router - route=posts,username=markangeltrueman,endpoint=toapprove
[2018-07-12T00:43:15.736] [DEBUG] router - route=posts,username=markangeltrueman,endpoint=approved/:1
[2018-07-12T00:43:15.744] [DEBUG] router - route=users,username=markangeltrueman,endpoint=/levels
[2018-07-12T00:43:15.764] [DEBUG] router - route=users,username=markangeltrueman,endpoint=/allusers
[2018-07-12T00:43:17.333] [DEBUG] router - route=posts,username=markangeltrueman,endpoint=approved/:1
[2018-07-12T00:43:18.958] [DEBUG] router - route=posts,username=markangeltrueman,endpoint=toapprove
[2018-07-12T00:43:20.145] [DEBUG] router - route=users,username=markangeltrueman,endpoint=/allusers
[2018-07-12T00:43:20.929] [DEBUG] router - route=users,username=markangeltrueman,endpoint=/allusers
[2018-07-12T09:38:05.044] [DEBUG] router - route=posts,username=markangeltrueman,endpoint=approved/:1
[2018-07-12T09:38:07.299] [DEBUG] router - route=posts,username=markangeltrueman,endpoint=toapprove
[2018-07-12T09:38:11.079] [DEBUG] router - route=posts,username=markangeltrueman,endpoint=approved/:1
[2018-07-12T09:38:13.413] [DEBUG] router - route=posts,username=markangeltrueman,endpoint=toapprove
[2018-07-12T11:46:57.950] [DEBUG] router - route=posts,username=markangeltrueman,endpoint=approved/:1
[2018-07-12T11:46:57.959] [DEBUG] router - route=users,username=markangeltrueman,endpoint=/levels
[2018-07-12T12:04:14.555] [DEBUG] router - route=posts,username=No User,endpoint=approved/:1
[2018-07-12T12:04:32.636] [DEBUG] router - route=users,username=No User,endpoint=/levels
[2018-07-12T12:08:09.551] [DEBUG] router - route=users,username=No User,endpoint=/levels
[2018-07-12T12:08:09.561] [DEBUG] router - route=posts,username=No User,endpoint=approved/:1
[2018-07-12T12:08:24.564] [DEBUG] router - route=posts,username=markangeltrueman,endpoint=approved/:1
[2018-07-12T12:08:24.568] [DEBUG] router - route=users,username=markangeltrueman,endpoint=/levels
[2018-07-12T12:08:30.650] [DEBUG] router - route=posts,username=markangeltrueman,endpoint=toapprove
[2018-07-12T12:13:30.313] [DEBUG] router - route=posts,username=markangeltrueman,endpoint=approved/:1
[2018-07-12T13:37:34.197] [DEBUG] router - route=posts,username=markangeltrueman,endpoint=approved/:1
[2018-07-12T13:37:34.211] [DEBUG] router - route=users,username=markangeltrueman,endpoint=/levels
[2018-07-12T13:37:45.661] [DEBUG] router - route=posts,username=markangeltrueman,endpoint=approved/:1
[2018-07-12T13:37:45.667] [DEBUG] router - route=users,username=markangeltrueman,endpoint=/levels
[2018-07-12T13:37:45.683] [DEBUG] router - route=posts,username=markangeltrueman,endpoint=toapprove
[2018-07-12T13:37:49.589] [DEBUG] router - route=posts,username=markangeltrueman,endpoint=approved/:1
[2018-07-12T13:37:55.422] [DEBUG] router - route=posts,username=markangeltrueman,endpoint=approved/:1
[2018-07-12T13:37:55.428] [DEBUG] router - route=users,username=markangeltrueman,endpoint=/levels
[2018-07-12T13:37:55.448] [DEBUG] router - route=posts,username=markangeltrueman,endpoint=approved/:1
[2018-07-12T13:39:17.616] [DEBUG] router - route=posts,username=markangeltrueman,endpoint=approved/:1
[2018-07-12T13:39:17.618] [DEBUG] router - route=posts,username=markangeltrueman,endpoint=approved/:1
[2018-07-12T13:39:17.620] [DEBUG] router - route=users,username=markangeltrueman,endpoint=/levels
[2018-07-12T13:39:23.317] [DEBUG] router - route=posts,username=markangeltrueman,endpoint=approved/:1
[2018-07-12T13:39:23.319] [DEBUG] router - route=users,username=markangeltrueman,endpoint=/levels
[2018-07-12T13:39:23.340] [DEBUG] router - route=posts,username=markangeltrueman,endpoint=approved/:1
[2018-07-12T13:41:29.697] [DEBUG] router - route=posts,username=markangeltrueman,endpoint=approved/:1
[2018-07-12T13:41:29.699] [DEBUG] router - route=users,username=markangeltrueman,endpoint=/levels
[2018-07-12T13:41:29.732] [DEBUG] router - route=posts,username=markangeltrueman,endpoint=approved/:1
[2018-07-12T13:41:39.826] [DEBUG] router - route=posts,username=markangeltrueman,endpoint=approved/:1
[2018-07-12T13:41:39.832] [DEBUG] router - route=users,username=markangeltrueman,endpoint=/levels
[2018-07-12T13:41:39.857] [DEBUG] router - route=posts,username=markangeltrueman,endpoint=approved/:1
[2018-07-12T13:44:36.048] [DEBUG] router - route=posts,username=markangeltrueman,endpoint=approved/:1
[2018-07-12T13:44:36.050] [DEBUG] router - route=users,username=markangeltrueman,endpoint=/levels
[2018-07-12T13:44:36.074] [DEBUG] router - route=posts,username=markangeltrueman,endpoint=approved/:1
[2018-07-12T13:45:47.672] [DEBUG] router - route=users,username=markangeltrueman,endpoint=/levels
[2018-07-12T13:45:47.674] [DEBUG] router - route=posts,username=markangeltrueman,endpoint=approved/:1
[2018-07-12T13:45:47.698] [DEBUG] router - route=posts,username=markangeltrueman,endpoint=approved/:1
[2018-07-12T13:52:26.082] [DEBUG] router - route=posts,username=markangeltrueman,endpoint=approved/:1
[2018-07-12T13:52:26.084] [DEBUG] router - route=users,username=markangeltrueman,endpoint=/levels
[2018-07-12T13:52:26.105] [DEBUG] router - route=posts,username=markangeltrueman,endpoint=approved/:1
[2018-07-12T13:53:08.754] [DEBUG] router - route=posts,username=markangeltrueman,endpoint=approved/:1
[2018-07-12T13:53:08.756] [DEBUG] router - route=users,username=markangeltrueman,endpoint=/levels
[2018-07-12T13:53:08.774] [DEBUG] router - route=posts,username=markangeltrueman,endpoint=approved/:1
[2018-07-12T13:53:49.098] [DEBUG] router - route=posts,username=markangeltrueman,endpoint=approved/:1
[2018-07-12T13:53:49.100] [DEBUG] router - route=users,username=markangeltrueman,endpoint=/levels
[2018-07-12T13:53:49.121] [DEBUG] router - route=posts,username=markangeltrueman,endpoint=approved/:1
[2018-07-12T13:56:07.098] [DEBUG] router - route=posts,username=markangeltrueman,endpoint=approved/:1
[2018-07-12T13:56:07.100] [DEBUG] router - route=users,username=markangeltrueman,endpoint=/levels
[2018-07-12T13:56:07.121] [DEBUG] router - route=posts,username=markangeltrueman,endpoint=approved/:1
[2018-07-12T13:58:11.947] [DEBUG] router - route=posts,username=markangeltrueman,endpoint=approved/:1
[2018-07-12T13:58:11.949] [DEBUG] router - route=posts,username=markangeltrueman,endpoint=approved/:1
[2018-07-12T13:58:11.951] [DEBUG] router - route=users,username=markangeltrueman,endpoint=/levels
[2018-07-12T13:58:17.146] [DEBUG] router - route=posts,username=markangeltrueman,endpoint=approved/:1
[2018-07-12T13:58:17.148] [DEBUG] router - route=users,username=markangeltrueman,endpoint=/levels
[2018-07-12T13:58:17.168] [DEBUG] router - route=posts,username=markangeltrueman,endpoint=approved/:1
[2018-07-12T14:03:24.863] [DEBUG] router - route=posts,username=markangeltrueman,endpoint=approved/:1
[2018-07-12T14:03:24.867] [DEBUG] router - route=users,username=markangeltrueman,endpoint=/levels
[2018-07-12T14:03:24.884] [DEBUG] router - route=posts,username=markangeltrueman,endpoint=approved/:1
[2018-07-12T14:10:10.918] [DEBUG] router - route=posts,username=markangeltrueman,endpoint=approved/:1
[2018-07-12T14:10:10.920] [DEBUG] router - route=users,username=markangeltrueman,endpoint=/levels
[2018-07-12T14:10:10.938] [DEBUG] router - route=posts,username=markangeltrueman,endpoint=approved/:1
[2018-07-12T14:10:46.729] [DEBUG] router - route=posts,username=markangeltrueman,endpoint=/:https://steemit.com/dlive/@hiroyamagishi/c263bc10-8589-11e8-adb2-bf4283a63cb9
[2018-07-12T14:10:47.316] [DEBUG] router - response from business logic = [object Object]
[2018-07-12T14:10:50.567] [DEBUG] router - route=users,username=markangeltrueman,endpoint=/levels
[2018-07-12T14:10:50.568] [DEBUG] router - route=posts,username=markangeltrueman,endpoint=approved/:1
[2018-07-12T14:11:00.549] [DEBUG] router - route=posts,username=markangeltrueman,endpoint=toapprove
[2018-07-12T14:11:03.913] [DEBUG] router - route=posts,username=markangeltrueman,endpoint=/approve:5b4753560f0246cd2bac0db6
[2018-07-12T14:11:05.916] [DEBUG] router - route=posts,username=markangeltrueman,endpoint=approved/:1
[2018-07-12T14:11:05.918] [DEBUG] router - route=posts,username=markangeltrueman,endpoint=toapprove
[2018-07-12T14:11:08.163] [DEBUG] router - route=posts,username=markangeltrueman,endpoint=approved/:1
[2018-07-12T14:11:08.165] [DEBUG] router - route=users,username=markangeltrueman,endpoint=/levels
[2018-07-12T14:11:08.183] [DEBUG] router - route=posts,username=markangeltrueman,endpoint=toapprove
[2018-07-12T14:37:19.517] [DEBUG] router - route=posts,username=markangeltrueman,endpoint=approved/:1
[2018-07-12T14:37:19.520] [DEBUG] router - route=users,username=markangeltrueman,endpoint=/levels
[2018-07-12T14:37:19.534] [DEBUG] router - route=posts,username=markangeltrueman,endpoint=toapprove
[2018-07-12T14:37:29.410] [DEBUG] router - route=posts,username=markangeltrueman,endpoint=approved/:1
[2018-07-12T14:38:20.253] [DEBUG] router - route=posts,username=markangeltrueman,endpoint=approved/:1
[2018-07-12T14:38:20.254] [DEBUG] router - route=users,username=markangeltrueman,endpoint=/levels
[2018-07-12T14:38:20.272] [DEBUG] router - route=posts,username=markangeltrueman,endpoint=approved/:1
[2018-07-12T14:39:47.990] [DEBUG] router - route=users,username=markangeltrueman,endpoint=/levels
[2018-07-12T14:39:47.991] [DEBUG] router - route=posts,username=markangeltrueman,endpoint=approved/:1
[2018-07-12T14:39:48.011] [DEBUG] router - route=posts,username=markangeltrueman,endpoint=approved/:1
[2018-07-12T14:40:15.999] [DEBUG] router - route=users,username=markangeltrueman,endpoint=/levels
[2018-07-12T14:40:16.001] [DEBUG] router - route=posts,username=markangeltrueman,endpoint=approved/:1
[2018-07-12T14:40:16.023] [DEBUG] router - route=posts,username=markangeltrueman,endpoint=approved/:1
[2018-07-12T14:43:10.830] [DEBUG] router - route=posts,username=markangeltrueman,endpoint=approved/:1
[2018-07-12T14:43:10.845] [DEBUG] router - route=users,username=markangeltrueman,endpoint=/levels
[2018-07-12T14:43:10.903] [DEBUG] router - route=posts,username=markangeltrueman,endpoint=approved/:1
[2018-07-12T14:44:31.243] [DEBUG] router - route=users,username=markangeltrueman,endpoint=/levels
[2018-07-12T14:44:31.252] [DEBUG] router - route=posts,username=markangeltrueman,endpoint=approved/:1
[2018-07-12T14:44:37.775] [DEBUG] router - route=posts,username=markangeltrueman,endpoint=approved/:1
[2018-07-12T14:45:22.326] [DEBUG] router - route=posts,username=markangeltrueman,endpoint=approved/:1
[2018-07-12T14:45:22.328] [DEBUG] router - route=users,username=markangeltrueman,endpoint=/levels
[2018-07-12T14:45:22.350] [DEBUG] router - route=posts,username=markangeltrueman,endpoint=approved/:1
[2018-07-12T15:40:11.273] [DEBUG] router - route=posts,username=markangeltrueman,endpoint=approved/:1
[2018-07-12T15:40:11.277] [DEBUG] router - route=posts,username=markangeltrueman,endpoint=approved/:1
[2018-07-12T15:40:11.278] [DEBUG] router - route=users,username=markangeltrueman,endpoint=/levels
[2018-07-12T15:45:21.967] [DEBUG] router - route=posts,username=markangeltrueman,endpoint=approved/:1
[2018-07-12T15:45:21.974] [DEBUG] router - route=users,username=markangeltrueman,endpoint=/levels
[2018-07-12T15:45:22.003] [DEBUG] router - route=posts,username=markangeltrueman,endpoint=approved/:1
[2018-07-12T15:46:36.138] [DEBUG] router - route=posts,username=markangeltrueman,endpoint=/:https://steemit.com/adventure/@adonisabril/machupicchuhikeviatheincajungletrek-fya7ig149h
[2018-07-12T15:46:36.810] [DEBUG] router - response from business logic = [object Object]
[2018-07-12T15:47:03.188] [DEBUG] router - route=posts,username=markangeltrueman,endpoint=/:https://steemit.com/travel/@adonisabril/bali-thegoodthebadtheugly-de9uk7znft
[2018-07-12T15:47:03.665] [DEBUG] router - response from business logic = [object Object]
[2018-07-12T15:47:09.013] [DEBUG] router - route=users,username=markangeltrueman,endpoint=/levels
[2018-07-12T15:47:09.015] [DEBUG] router - route=posts,username=markangeltrueman,endpoint=approved/:1
[2018-07-12T15:47:33.872] [DEBUG] router - route=users,username=markangeltrueman,endpoint=/allusers
[2018-07-12T15:47:39.932] [DEBUG] router - route=users,username=markangeltrueman,endpoint=/update:[object Object]
[2018-07-12T15:47:40.012] [DEBUG] router - route=users,username=markangeltrueman,endpoint=/allusers
[2018-07-12T15:47:43.223] [DEBUG] router - route=posts,username=markangeltrueman,endpoint=approved/:1
[2018-07-12T15:47:43.225] [DEBUG] router - route=users,username=markangeltrueman,endpoint=/levels
[2018-07-12T15:47:43.259] [DEBUG] router - route=users,username=markangeltrueman,endpoint=/allusers
[2018-07-12T15:48:23.092] [DEBUG] router - route=posts,username=markangeltrueman,endpoint=approved/:1
[2018-07-12T15:48:23.108] [DEBUG] router - route=users,username=markangeltrueman,endpoint=/levels
[2018-07-12T15:48:23.181] [DEBUG] router - route=users,username=markangeltrueman,endpoint=/allusers
[2018-07-12T15:49:26.937] [DEBUG] router - route=posts,username=markangeltrueman,endpoint=approved/:1
[2018-07-12T15:49:26.956] [DEBUG] router - route=users,username=markangeltrueman,endpoint=/levels
[2018-07-12T15:49:27.021] [DEBUG] router - route=users,username=markangeltrueman,endpoint=/allusers
[2018-07-12T15:51:49.196] [DEBUG] router - route=users,username=markangeltrueman,endpoint=/update:[object Object]
[2018-07-12T15:51:49.245] [DEBUG] router - route=users,username=markangeltrueman,endpoint=/allusers
[2018-07-12T15:51:54.283] [DEBUG] router - route=posts,username=markangeltrueman,endpoint=approved/:1
[2018-07-12T15:51:54.285] [DEBUG] router - route=users,username=markangeltrueman,endpoint=/levels
[2018-07-12T15:51:54.327] [DEBUG] router - route=users,username=markangeltrueman,endpoint=/allusers
[2018-07-12T15:55:15.331] [DEBUG] router - route=posts,username=markangeltrueman,endpoint=approved/:1
[2018-07-12T15:58:05.032] [DEBUG] router - route=posts,username=markangeltrueman,endpoint=/:https://steemit.com/news/@reseller/f3xv9w5n
[2018-07-12T15:58:05.627] [DEBUG] router - response from business logic = [object Object]
[2018-07-12T15:58:06.375] [DEBUG] router - route=posts,username=markangeltrueman,endpoint=/:undefined
[2018-07-12T15:58:06.376] [ERROR] router - error RequestError: Error: Invalid URI "undefined.json"
[2018-07-12T15:58:17.651] [DEBUG] router - route=posts,username=markangeltrueman,endpoint=/:https://steemit.com/news/@reseller/f3xv9w5n
[2018-07-12T15:58:18.047] [DEBUG] router - response from business logic = [object Object]
[2018-07-12T15:58:18.048] [DEBUG] router - unsuccesful submission {"err":"Post has already been submitted."}
[2018-07-12T15:58:29.165] [DEBUG] router - route=posts,username=markangeltrueman,endpoint=toapprove
[2018-07-12T15:59:04.976] [DEBUG] router - route=posts,username=markangeltrueman,endpoint=/:https://steemit.com/dlive/@mrsadman/79eaa010-8544-11e8-adb2-bf4283a63cb9
[2018-07-12T15:59:05.390] [DEBUG] router - response from business logic = [object Object]
[2018-07-12T15:59:05.390] [DEBUG] router - unsuccesful submission {"err":"You have reached your submission limit of 5 in the last 7 days."}
[2018-07-12T15:59:13.279] [DEBUG] router - route=posts,username=markangeltrueman,endpoint=approved/:1
[2018-07-12T15:59:13.281] [DEBUG] router - route=users,username=markangeltrueman,endpoint=/levels
[2018-07-12T15:59:51.154] [DEBUG] router - route=posts,username=markangeltrueman,endpoint=approved/:1
[2018-07-12T15:59:51.157] [DEBUG] router - route=users,username=markangeltrueman,endpoint=/levels
[2018-07-12T16:01:03.055] [DEBUG] router - route=posts,username=markangeltrueman,endpoint=approved/:1
[2018-07-12T16:01:03.072] [DEBUG] router - route=users,username=markangeltrueman,endpoint=/levels
[2018-07-12T16:03:46.233] [DEBUG] router - route=posts,username=markangeltrueman,endpoint=approved/:1
[2018-07-12T16:03:46.251] [DEBUG] router - route=users,username=markangeltrueman,endpoint=/levels
[2018-07-12T16:15:17.045] [DEBUG] router - route=posts,username=markangeltrueman,endpoint=approved/:1
[2018-07-12T16:15:17.048] [DEBUG] router - route=users,username=markangeltrueman,endpoint=/levels
[2018-07-12T16:23:21.943] [DEBUG] router - route=posts,username=markangeltrueman,endpoint=approved/:1
[2018-07-12T16:23:21.951] [DEBUG] router - route=users,username=markangeltrueman,endpoint=/levels
[2018-07-12T16:23:22.003] [DEBUG] router - route=users,username=markangeltrueman,endpoint=/levels
[2018-07-12T16:23:22.042] [DEBUG] router - route=posts,username=markangeltrueman,endpoint=approved/:1
[2018-07-12T16:24:49.207] [DEBUG] router - route=posts,username=markangeltrueman,endpoint=approved/:1
[2018-07-12T16:24:49.209] [DEBUG] router - route=users,username=markangeltrueman,endpoint=/levels
[2018-07-12T16:24:49.361] [DEBUG] router - route=users,username=markangeltrueman,endpoint=/levels
[2018-07-12T16:24:49.362] [DEBUG] router - route=posts,username=markangeltrueman,endpoint=approved/:1
[2018-07-12T16:25:18.207] [DEBUG] router - route=posts,username=markangeltrueman,endpoint=approved/:1
[2018-07-12T16:25:18.210] [DEBUG] router - route=users,username=markangeltrueman,endpoint=/levels
[2018-07-12T16:27:29.196] [DEBUG] router - route=posts,username=markangeltrueman,endpoint=approved/:1
[2018-07-12T16:27:29.197] [DEBUG] router - route=users,username=markangeltrueman,endpoint=/levels
[2018-07-12T16:27:47.220] [DEBUG] router - route=posts,username=markangeltrueman,endpoint=approved/:1
[2018-07-12T16:27:47.223] [DEBUG] router - route=users,username=markangeltrueman,endpoint=/levels
[2018-07-12T16:27:47.249] [DEBUG] router - route=users,username=markangeltrueman,endpoint=/levels
[2018-07-12T16:27:47.261] [DEBUG] router - route=posts,username=markangeltrueman,endpoint=approved/:1
[2018-07-12T16:29:06.259] [DEBUG] router - route=posts,username=markangeltrueman,endpoint=approved/:1
[2018-07-12T16:29:06.261] [DEBUG] router - route=users,username=markangeltrueman,endpoint=/levels
[2018-07-12T16:29:06.314] [DEBUG] router - route=users,username=markangeltrueman,endpoint=/levels
[2018-07-12T16:29:06.316] [DEBUG] router - route=posts,username=markangeltrueman,endpoint=approved/:1
[2018-07-12T16:30:03.504] [DEBUG] router - route=posts,username=markangeltrueman,endpoint=approved/:1
[2018-07-12T16:30:03.511] [DEBUG] router - route=users,username=markangeltrueman,endpoint=/levels
[2018-07-12T16:30:03.722] [DEBUG] router - route=posts,username=markangeltrueman,endpoint=approved/:1
[2018-07-12T16:30:03.729] [DEBUG] router - route=users,username=markangeltrueman,endpoint=/levels
[2018-07-12T16:30:09.994] [DEBUG] router - route=posts,username=markangeltrueman,endpoint=approved/:1
[2018-07-12T16:30:09.999] [DEBUG] router - route=users,username=markangeltrueman,endpoint=/levels
[2018-07-12T16:30:29.084] [DEBUG] router - route=posts,username=markangeltrueman,endpoint=approved/:1
[2018-07-12T16:30:29.094] [DEBUG] router - route=users,username=markangeltrueman,endpoint=/levels
[2018-07-12T16:30:29.325] [DEBUG] router - route=posts,username=markangeltrueman,endpoint=approved/:1
[2018-07-12T16:30:29.327] [DEBUG] router - route=users,username=markangeltrueman,endpoint=/levels
[2018-07-12T16:34:40.625] [DEBUG] router - route=users,username=markangeltrueman,endpoint=/levels
[2018-07-12T16:34:40.626] [DEBUG] router - route=posts,username=markangeltrueman,endpoint=approved/:1
[2018-07-12T16:35:27.121] [DEBUG] router - route=posts,username=markangeltrueman,endpoint=approved/:1
[2018-07-12T16:35:27.126] [DEBUG] router - route=users,username=markangeltrueman,endpoint=/levels
[2018-07-12T16:35:38.689] [DEBUG] router - route=posts,username=markangeltrueman,endpoint=approved/:1
[2018-07-12T16:35:38.693] [DEBUG] router - route=users,username=markangeltrueman,endpoint=/levels
[2018-07-12T16:37:12.505] [DEBUG] router - route=posts,username=markangeltrueman,endpoint=approved/:1
[2018-07-12T16:37:12.509] [DEBUG] router - route=users,username=markangeltrueman,endpoint=/levels
[2018-07-12T16:37:23.721] [DEBUG] router - route=posts,username=markangeltrueman,endpoint=approved/:1
[2018-07-12T16:37:23.722] [DEBUG] router - route=users,username=markangeltrueman,endpoint=/levels
[2018-07-12T16:54:30.716] [DEBUG] router - route=posts,username=markangeltrueman,endpoint=approved/:1
[2018-07-12T16:54:30.719] [DEBUG] router - route=users,username=markangeltrueman,endpoint=/levels
[2018-07-12T16:54:42.385] [DEBUG] router - route=posts,username=markangeltrueman,endpoint=approved/:1
[2018-07-12T16:54:42.388] [DEBUG] router - route=users,username=markangeltrueman,endpoint=/levels
[2018-07-12T16:55:01.820] [DEBUG] router - route=posts,username=markangeltrueman,endpoint=approved/:1
[2018-07-12T16:55:01.822] [DEBUG] router - route=users,username=markangeltrueman,endpoint=/levels
[2018-07-12T16:56:22.124] [DEBUG] router - route=posts,username=markangeltrueman,endpoint=approved/:1
[2018-07-12T16:56:22.126] [DEBUG] router - route=users,username=markangeltrueman,endpoint=/levels
[2018-07-12T16:56:28.171] [DEBUG] router - route=posts,username=markangeltrueman,endpoint=approved/:1
[2018-07-12T16:56:28.177] [DEBUG] router - route=users,username=markangeltrueman,endpoint=/levels
[2018-07-12T16:57:10.102] [DEBUG] router - route=users,username=markangeltrueman,endpoint=/levels
[2018-07-12T16:57:10.104] [DEBUG] router - route=posts,username=markangeltrueman,endpoint=approved/:1
[2018-07-12T16:57:22.855] [DEBUG] router - route=posts,username=markangeltrueman,endpoint=approved/:1
[2018-07-12T16:57:22.856] [DEBUG] router - route=users,username=markangeltrueman,endpoint=/levels
[2018-07-12T16:57:56.479] [DEBUG] router - route=posts,username=markangeltrueman,endpoint=approved/:1
[2018-07-12T16:57:56.481] [DEBUG] router - route=users,username=markangeltrueman,endpoint=/levels
[2018-07-12T16:58:16.542] [DEBUG] router - route=posts,username=markangeltrueman,endpoint=approved/:1
[2018-07-12T16:58:16.545] [DEBUG] router - route=users,username=markangeltrueman,endpoint=/levels
[2018-07-12T16:58:35.298] [DEBUG] router - route=posts,username=markangeltrueman,endpoint=approved/:1
[2018-07-12T16:58:35.303] [DEBUG] router - route=users,username=markangeltrueman,endpoint=/levels
[2018-07-12T16:58:56.947] [DEBUG] router - route=posts,username=markangeltrueman,endpoint=approved/:1
[2018-07-12T16:58:56.948] [DEBUG] router - route=users,username=markangeltrueman,endpoint=/levels
[2018-07-12T16:59:07.923] [DEBUG] router - route=posts,username=markangeltrueman,endpoint=approved/:1
[2018-07-12T16:59:07.924] [DEBUG] router - route=users,username=markangeltrueman,endpoint=/levels
[2018-07-12T16:59:45.728] [DEBUG] router - route=posts,username=markangeltrueman,endpoint=approved/:1
[2018-07-12T16:59:45.731] [DEBUG] router - route=users,username=markangeltrueman,endpoint=/levels
[2018-07-12T19:22:53.276] [DEBUG] router - route=posts,username=markangeltrueman,endpoint=approved/:1
[2018-07-12T19:22:53.278] [DEBUG] router - route=users,username=markangeltrueman,endpoint=/levels
[2018-07-12T19:23:16.034] [DEBUG] router - route=posts,username=markangeltrueman,endpoint=approved/:1
[2018-07-12T19:23:16.037] [DEBUG] router - route=users,username=markangeltrueman,endpoint=/levels
[2018-07-12T19:23:36.575] [DEBUG] router - route=posts,username=markangeltrueman,endpoint=approved/:1
[2018-07-12T19:23:36.577] [DEBUG] router - route=users,username=markangeltrueman,endpoint=/levels
[2018-07-12T19:23:58.735] [DEBUG] router - route=posts,username=markangeltrueman,endpoint=approved/:1
[2018-07-12T19:23:58.740] [DEBUG] router - route=users,username=markangeltrueman,endpoint=/levels
[2018-07-12T19:25:42.284] [DEBUG] router - route=posts,username=markangeltrueman,endpoint=approved/:1
[2018-07-12T19:25:42.286] [DEBUG] router - route=users,username=markangeltrueman,endpoint=/levels
[2018-07-12T19:26:01.595] [DEBUG] router - route=posts,username=markangeltrueman,endpoint=approved/:1
[2018-07-12T19:26:01.600] [DEBUG] router - route=users,username=markangeltrueman,endpoint=/levels
[2018-07-12T19:27:13.300] [DEBUG] router - route=posts,username=markangeltrueman,endpoint=approved/:1
[2018-07-12T19:27:13.302] [DEBUG] router - route=users,username=markangeltrueman,endpoint=/levels
[2018-07-12T19:32:52.871] [DEBUG] router - route=posts,username=markangeltrueman,endpoint=approved/:1
[2018-07-12T19:32:52.876] [DEBUG] router - route=users,username=markangeltrueman,endpoint=/levels
[2018-07-12T19:33:19.310] [DEBUG] router - route=posts,username=markangeltrueman,endpoint=approved/:1
[2018-07-12T19:33:19.312] [DEBUG] router - route=users,username=markangeltrueman,endpoint=/levels
[2018-07-12T19:37:09.477] [DEBUG] router - route=posts,username=markangeltrueman,endpoint=approved/:1
[2018-07-12T19:37:09.480] [DEBUG] router - route=users,username=markangeltrueman,endpoint=/levels
[2018-07-12T19:37:09.701] [DEBUG] router - route=posts,username=markangeltrueman,endpoint=approved/:1
[2018-07-12T19:37:09.703] [DEBUG] router - route=users,username=markangeltrueman,endpoint=/levels
[2018-07-12T19:37:51.386] [DEBUG] router - route=posts,username=markangeltrueman,endpoint=approved/:1
[2018-07-12T19:37:51.389] [DEBUG] router - route=users,username=markangeltrueman,endpoint=/levels
[2018-07-12T20:05:20.830] [DEBUG] router - route=posts,username=markangeltrueman,endpoint=approved/:1
[2018-07-12T20:05:20.832] [DEBUG] router - route=users,username=markangeltrueman,endpoint=/levels
[2018-07-12T20:06:45.906] [DEBUG] router - route=users,username=markangeltrueman,endpoint=/levels
[2018-07-12T20:06:45.907] [DEBUG] router - route=posts,username=markangeltrueman,endpoint=approved/:1
[2018-07-12T20:08:00.810] [DEBUG] router - route=posts,username=markangeltrueman,endpoint=approved/:1
[2018-07-12T20:08:00.815] [DEBUG] router - route=users,username=markangeltrueman,endpoint=/levels
[2018-07-12T20:09:24.665] [DEBUG] router - route=posts,username=markangeltrueman,endpoint=approved/:1
[2018-07-12T20:09:24.669] [DEBUG] router - route=users,username=markangeltrueman,endpoint=/levels
[2018-07-12T20:12:55.500] [DEBUG] router - route=posts,username=markangeltrueman,endpoint=approved/:1
[2018-07-12T20:12:55.502] [DEBUG] router - route=users,username=markangeltrueman,endpoint=/levels
[2018-07-12T20:13:31.929] [DEBUG] router - route=posts,username=markangeltrueman,endpoint=approved/:1
[2018-07-12T20:13:31.931] [DEBUG] router - route=users,username=markangeltrueman,endpoint=/levels
[2018-07-12T20:14:02.346] [DEBUG] router - route=posts,username=markangeltrueman,endpoint=approved/:1
[2018-07-12T20:14:02.349] [DEBUG] router - route=users,username=markangeltrueman,endpoint=/levels
[2018-07-12T20:14:45.505] [DEBUG] router - route=posts,username=markangeltrueman,endpoint=approved/:1
[2018-07-12T20:14:45.510] [DEBUG] router - route=users,username=markangeltrueman,endpoint=/levels
[2018-07-12T20:19:53.001] [DEBUG] router - route=posts,username=markangeltrueman,endpoint=approved/:1
[2018-07-12T20:19:53.003] [DEBUG] router - route=users,username=markangeltrueman,endpoint=/levels
[2018-07-12T20:20:23.023] [DEBUG] router - route=posts,username=markangeltrueman,endpoint=approved/:1
[2018-07-12T20:20:23.025] [DEBUG] router - route=users,username=markangeltrueman,endpoint=/levels
[2018-07-12T20:22:36.695] [DEBUG] router - route=posts,username=markangeltrueman,endpoint=approved/:1
[2018-07-12T20:22:36.697] [DEBUG] router - route=users,username=markangeltrueman,endpoint=/levels
[2018-07-12T20:22:37.113] [DEBUG] router - route=posts,username=markangeltrueman,endpoint=approved/:1
[2018-07-12T20:22:37.116] [DEBUG] router - route=users,username=markangeltrueman,endpoint=/levels
[2018-07-12T20:23:27.165] [DEBUG] router - route=posts,username=markangeltrueman,endpoint=approved/:1
[2018-07-12T20:23:27.167] [DEBUG] router - route=users,username=markangeltrueman,endpoint=/levels
[2018-07-12T20:24:43.895] [DEBUG] router - route=posts,username=markangeltrueman,endpoint=approved/:1
[2018-07-12T20:24:43.897] [DEBUG] router - route=users,username=markangeltrueman,endpoint=/levels
[2018-07-12T20:25:06.054] [DEBUG] router - route=posts,username=markangeltrueman,endpoint=approved/:1
[2018-07-12T20:25:06.056] [DEBUG] router - route=users,username=markangeltrueman,endpoint=/levels
[2018-07-12T20:35:13.240] [DEBUG] router - route=posts,username=markangeltrueman,endpoint=approved/:1
[2018-07-12T20:35:13.242] [DEBUG] router - route=users,username=markangeltrueman,endpoint=/levels
[2018-07-12T20:36:34.213] [DEBUG] router - route=posts,username=markangeltrueman,endpoint=approved/:1
[2018-07-12T20:36:34.215] [DEBUG] router - route=users,username=markangeltrueman,endpoint=/levels
[2018-07-12T20:37:20.377] [DEBUG] router - route=posts,username=markangeltrueman,endpoint=approved/:1
[2018-07-12T20:37:20.381] [DEBUG] router - route=users,username=markangeltrueman,endpoint=/levels
[2018-07-12T20:37:30.705] [DEBUG] router - route=posts,username=markangeltrueman,endpoint=approved/:1
[2018-07-12T20:37:30.707] [DEBUG] router - route=users,username=markangeltrueman,endpoint=/levels
[2018-07-12T20:37:49.333] [DEBUG] router - route=posts,username=markangeltrueman,endpoint=approved/:1
[2018-07-12T20:37:49.340] [DEBUG] router - route=users,username=markangeltrueman,endpoint=/levels
[2018-07-12T20:38:47.173] [DEBUG] router - route=posts,username=markangeltrueman,endpoint=approved/:1
[2018-07-12T20:38:47.175] [DEBUG] router - route=users,username=markangeltrueman,endpoint=/levels
[2018-07-12T20:40:35.762] [DEBUG] router - route=posts,username=markangeltrueman,endpoint=approved/:1
[2018-07-12T20:40:35.764] [DEBUG] router - route=users,username=markangeltrueman,endpoint=/levels
[2018-07-12T20:44:58.593] [DEBUG] router - route=posts,username=markangeltrueman,endpoint=approved/:1
[2018-07-12T20:44:58.597] [DEBUG] router - route=users,username=markangeltrueman,endpoint=/levels
[2018-07-12T21:00:51.534] [DEBUG] router - route=posts,username=markangeltrueman,endpoint=approved/:1
[2018-07-12T21:00:51.535] [DEBUG] router - route=users,username=markangeltrueman,endpoint=/levels
[2018-07-12T21:01:33.386] [DEBUG] router - route=posts,username=markangeltrueman,endpoint=approved/:1
[2018-07-12T21:01:33.388] [DEBUG] router - route=users,username=markangeltrueman,endpoint=/levels
[2018-07-12T21:01:50.502] [DEBUG] router - route=posts,username=markangeltrueman,endpoint=approved/:1
[2018-07-12T21:01:50.503] [DEBUG] router - route=users,username=markangeltrueman,endpoint=/levels
[2018-07-12T21:03:47.991] [DEBUG] router - route=posts,username=markangeltrueman,endpoint=approved/:1
[2018-07-12T21:03:47.993] [DEBUG] router - route=users,username=markangeltrueman,endpoint=/levels
[2018-07-12T21:04:55.937] [DEBUG] router - route=posts,username=markangeltrueman,endpoint=approved/:1
[2018-07-12T21:04:55.941] [DEBUG] router - route=users,username=markangeltrueman,endpoint=/levels
[2018-07-12T21:05:36.359] [DEBUG] router - route=posts,username=markangeltrueman,endpoint=approved/:1
[2018-07-12T21:05:36.361] [DEBUG] router - route=users,username=markangeltrueman,endpoint=/levels
[2018-07-12T21:06:06.068] [DEBUG] router - route=posts,username=markangeltrueman,endpoint=approved/:1
[2018-07-12T21:06:06.070] [DEBUG] router - route=users,username=markangeltrueman,endpoint=/levels
[2018-07-12T21:12:42.136] [DEBUG] router - route=posts,username=markangeltrueman,endpoint=toapprove
[2018-07-12T21:12:45.338] [DEBUG] router - route=posts,username=markangeltrueman,endpoint=approved/:1
[2018-07-12T21:20:01.454] [DEBUG] router - route=posts,username=markangeltrueman,endpoint=approved/:1
[2018-07-12T21:20:01.469] [DEBUG] router - route=users,username=markangeltrueman,endpoint=/levels
[2018-07-12T21:32:45.601] [DEBUG] router - route=posts,username=markangeltrueman,endpoint=approved/:1
[2018-07-12T21:32:45.605] [DEBUG] router - route=users,username=markangeltrueman,endpoint=/levels
[2018-07-12T21:55:11.926] [DEBUG] router - route=posts,username=markangeltrueman,endpoint=approved/:1
[2018-07-12T21:55:11.928] [DEBUG] router - route=users,username=markangeltrueman,endpoint=/levels
[2018-07-12T21:57:57.726] [DEBUG] router - route=posts,username=markangeltrueman,endpoint=approved/:1
[2018-07-12T21:57:57.728] [DEBUG] router - route=users,username=markangeltrueman,endpoint=/levels
[2018-07-12T21:58:28.575] [DEBUG] router - route=posts,username=markangeltrueman,endpoint=approved/:1
[2018-07-12T21:58:28.582] [DEBUG] router - route=users,username=markangeltrueman,endpoint=/levels
[2018-07-13T21:18:40.995] [DEBUG] router - route=posts,username=markangeltrueman,endpoint=approved/:1
[2018-07-13T21:18:41.018] [DEBUG] router - route=users,username=markangeltrueman,endpoint=/levels
[2018-07-13T21:18:47.714] [DEBUG] router - route=posts,username=No User,endpoint=approved/:1
[2018-07-13T21:18:47.717] [DEBUG] router - route=users,username=No User,endpoint=/levels
[2018-07-13T21:20:45.184] [DEBUG] router - route=posts,username=No User,endpoint=approved/:1
[2018-07-13T21:20:45.186] [DEBUG] router - route=users,username=No User,endpoint=/levels
[2018-07-13T21:22:07.163] [DEBUG] router - route=posts,username=markangeltrueman,endpoint=approved/:1
[2018-07-13T21:22:07.165] [DEBUG] router - route=users,username=markangeltrueman,endpoint=/levels
[2018-07-13T21:23:19.554] [DEBUG] router - route=posts,username=markangeltrueman,endpoint=approved/:1
[2018-07-13T21:23:19.555] [DEBUG] router - route=users,username=markangeltrueman,endpoint=/levels
[2018-07-13T21:23:43.595] [DEBUG] router - route=users,username=markangeltrueman,endpoint=/allusers
[2018-07-13T21:23:49.951] [DEBUG] router - route=users,username=markangeltrueman,endpoint=/update:[object Object]
[2018-07-13T21:23:50.014] [DEBUG] router - route=users,username=markangeltrueman,endpoint=/allusers
[2018-07-13T21:23:56.132] [DEBUG] router - route=posts,username=markangeltrueman,endpoint=approved/:1
[2018-07-13T21:23:56.134] [DEBUG] router - route=users,username=markangeltrueman,endpoint=/levels
[2018-07-13T21:23:56.152] [DEBUG] router - route=users,username=markangeltrueman,endpoint=/allusers
[2018-07-13T21:24:32.322] [DEBUG] router - route=posts,username=markangeltrueman,endpoint=approved/:1
[2018-07-13T21:24:32.324] [DEBUG] router - route=users,username=markangeltrueman,endpoint=/levels
[2018-07-13T21:24:32.338] [DEBUG] router - route=users,username=markangeltrueman,endpoint=/allusers
[2018-07-13T21:25:03.519] [DEBUG] router - route=posts,username=markangeltrueman,endpoint=approved/:1
[2018-07-13T21:25:03.521] [DEBUG] router - route=users,username=markangeltrueman,endpoint=/levels
[2018-07-13T21:25:03.536] [DEBUG] router - route=users,username=markangeltrueman,endpoint=/allusers
[2018-07-13T21:28:39.434] [DEBUG] router - route=posts,username=markangeltrueman,endpoint=approved/:1
[2018-07-13T21:28:39.435] [DEBUG] router - route=users,username=markangeltrueman,endpoint=/levels
[2018-07-13T21:28:39.449] [DEBUG] router - route=users,username=markangeltrueman,endpoint=/allusers
[2018-07-13T21:28:44.220] [DEBUG] router - route=users,username=markangeltrueman,endpoint=/levels
[2018-07-13T21:28:44.221] [DEBUG] router - route=posts,username=markangeltrueman,endpoint=approved/:1
[2018-07-13T21:28:44.232] [DEBUG] router - route=users,username=markangeltrueman,endpoint=/allusers
[2018-07-13T21:36:40.438] [DEBUG] router - route=posts,username=markangeltrueman,endpoint=/:https://steemit.com/steemit/@carlgnash/happy-steem-birthday-to-me-also-awesome-doggo-pictures
[2018-07-13T21:36:41.045] [DEBUG] router - response from business logic = [object Object]
[2018-07-13T21:36:43.991] [DEBUG] router - route=posts,username=markangeltrueman,endpoint=toapprove
[2018-07-14T12:02:12.678] [DEBUG] router - route=posts,username=markangeltrueman,endpoint=approved/:1
[2018-07-14T12:02:12.692] [DEBUG] router - route=users,username=markangeltrueman,endpoint=/levels
[2018-07-14T12:02:12.749] [DEBUG] router - route=posts,username=markangeltrueman,endpoint=toapprove
[2018-07-14T12:02:48.036] [DEBUG] router - route=posts,username=markangeltrueman,endpoint=approved/:1
[2018-07-14T12:02:48.038] [DEBUG] router - route=users,username=markangeltrueman,endpoint=/levels
[2018-07-14T12:02:48.057] [DEBUG] router - route=posts,username=markangeltrueman,endpoint=toapprove
[2018-07-14T12:03:10.461] [DEBUG] router - route=posts,username=markangeltrueman,endpoint=approved/:1
[2018-07-14T12:03:10.463] [DEBUG] router - route=users,username=markangeltrueman,endpoint=/levels
[2018-07-14T12:09:15.601] [DEBUG] router - route=posts,username=markangeltrueman,endpoint=approved/:1
[2018-07-14T12:09:15.603] [DEBUG] router - route=users,username=markangeltrueman,endpoint=/levels
[2018-07-14T12:09:44.726] [DEBUG] router - route=posts,username=markangeltrueman,endpoint=approved/:1
[2018-07-14T12:09:44.728] [DEBUG] router - route=users,username=markangeltrueman,endpoint=/levels
[2018-07-14T12:11:21.466] [DEBUG] router - route=posts,username=markangeltrueman,endpoint=approved/:1
[2018-07-14T12:11:21.468] [DEBUG] router - route=users,username=markangeltrueman,endpoint=/levels
[2018-07-14T12:13:20.793] [DEBUG] router - route=posts,username=markangeltrueman,endpoint=approved/:1
[2018-07-14T12:13:20.794] [DEBUG] router - route=users,username=markangeltrueman,endpoint=/levels
[2018-07-14T12:19:40.858] [DEBUG] router - route=posts,username=markangeltrueman,endpoint=approved/:1
[2018-07-14T12:19:40.860] [DEBUG] router - route=users,username=markangeltrueman,endpoint=/levels
[2018-07-14T12:21:33.363] [DEBUG] router - route=posts,username=markangeltrueman,endpoint=approved/:1
[2018-07-14T12:21:33.367] [DEBUG] router - route=users,username=markangeltrueman,endpoint=/levels
[2018-07-14T12:22:12.886] [DEBUG] router - route=posts,username=markangeltrueman,endpoint=approved/:1
[2018-07-14T12:22:12.889] [DEBUG] router - route=users,username=markangeltrueman,endpoint=/levels
[2018-07-14T12:22:19.962] [DEBUG] router - route=posts,username=markangeltrueman,endpoint=approved/:1
[2018-07-14T12:22:19.976] [DEBUG] router - route=users,username=markangeltrueman,endpoint=/levels
[2018-07-14T12:22:27.225] [DEBUG] router - route=users,username=markangeltrueman,endpoint=/levels
[2018-07-14T12:22:27.230] [DEBUG] router - route=posts,username=markangeltrueman,endpoint=approved/:1
[2018-07-14T12:22:43.353] [DEBUG] router - route=posts,username=markangeltrueman,endpoint=approved/:1
[2018-07-14T12:22:43.356] [DEBUG] router - route=users,username=markangeltrueman,endpoint=/levels
[2018-07-14T12:24:00.186] [DEBUG] router - route=posts,username=markangeltrueman,endpoint=approved/:1
[2018-07-14T12:24:30.564] [DEBUG] router - route=posts,username=markangeltrueman,endpoint=approved/:1
[2018-07-14T12:24:30.577] [DEBUG] router - route=users,username=markangeltrueman,endpoint=/levels
[2018-07-14T12:24:42.336] [DEBUG] router - route=posts,username=markangeltrueman,endpoint=approved/:1
[2018-07-14T12:25:31.450] [DEBUG] router - route=posts,username=markangeltrueman,endpoint=approved/:1
[2018-07-14T12:25:40.317] [DEBUG] router - route=posts,username=markangeltrueman,endpoint=approved/:2
[2018-07-14T12:25:48.526] [DEBUG] router - route=posts,username=markangeltrueman,endpoint=approved/:3
[2018-07-14T12:25:49.436] [DEBUG] router - route=posts,username=markangeltrueman,endpoint=approved/:2
[2018-07-14T12:25:50.252] [DEBUG] router - route=posts,username=markangeltrueman,endpoint=approved/:1
[2018-07-14T12:25:51.117] [DEBUG] router - route=posts,username=markangeltrueman,endpoint=approved/:1
[2018-07-14T13:10:17.393] [DEBUG] router - route=posts,username=markangeltrueman,endpoint=approved/:1
[2018-07-14T13:10:17.395] [DEBUG] router - route=posts,username=markangeltrueman,endpoint=approved/:1
[2018-07-14T13:10:17.397] [DEBUG] router - route=users,username=markangeltrueman,endpoint=/levels
[2018-07-14T13:10:17.404] [DEBUG] router - route=posts,username=markangeltrueman,endpoint=approved/:1
[2018-07-14T13:10:45.396] [DEBUG] router - route=posts,username=markangeltrueman,endpoint=approved/:1
[2018-07-14T13:10:45.397] [DEBUG] router - route=users,username=markangeltrueman,endpoint=/levels
[2018-07-14T13:10:45.399] [DEBUG] router - route=posts,username=markangeltrueman,endpoint=approved/:1
[2018-07-14T13:10:45.425] [DEBUG] router - route=posts,username=markangeltrueman,endpoint=approved/:1
[2018-07-14T13:10:48.789] [DEBUG] router - route=posts,username=markangeltrueman,endpoint=approved/:2
[2018-07-14T13:10:49.580] [DEBUG] router - route=posts,username=markangeltrueman,endpoint=approved/:3
[2018-07-14T13:10:51.097] [DEBUG] router - route=posts,username=markangeltrueman,endpoint=approved/:2
[2018-07-14T13:10:53.455] [DEBUG] router - route=posts,username=markangeltrueman,endpoint=approved/:1
[2018-07-14T13:11:20.999] [DEBUG] router - route=posts,username=markangeltrueman,endpoint=approved/:1
[2018-07-14T13:11:21.001] [DEBUG] router - route=users,username=markangeltrueman,endpoint=/levels
[2018-07-14T13:11:21.002] [DEBUG] router - route=posts,username=markangeltrueman,endpoint=approved/:1
[2018-07-14T13:11:21.007] [DEBUG] router - route=posts,username=markangeltrueman,endpoint=approved/:1
[2018-07-14T13:11:32.079] [DEBUG] router - route=posts,username=markangeltrueman,endpoint=approved/:1
[2018-07-14T13:11:32.081] [DEBUG] router - route=users,username=markangeltrueman,endpoint=/levels
[2018-07-14T13:11:32.082] [DEBUG] router - route=posts,username=markangeltrueman,endpoint=approved/:1
[2018-07-14T13:11:32.084] [DEBUG] router - route=posts,username=markangeltrueman,endpoint=approved/:1
[2018-07-14T13:12:14.246] [DEBUG] router - route=posts,username=markangeltrueman,endpoint=approved/:1
[2018-07-14T13:12:14.248] [DEBUG] router - route=users,username=markangeltrueman,endpoint=/levels
[2018-07-14T13:12:14.249] [DEBUG] router - route=posts,username=markangeltrueman,endpoint=approved/:1
[2018-07-14T13:12:14.273] [DEBUG] router - route=posts,username=markangeltrueman,endpoint=approved/:1
[2018-07-14T13:12:38.487] [DEBUG] router - route=posts,username=markangeltrueman,endpoint=approved/:1
[2018-07-14T13:12:38.489] [DEBUG] router - route=users,username=markangeltrueman,endpoint=/levels
[2018-07-14T13:12:38.490] [DEBUG] router - route=posts,username=markangeltrueman,endpoint=approved/:1
[2018-07-14T13:12:38.491] [DEBUG] router - route=posts,username=markangeltrueman,endpoint=approved/:1
[2018-07-14T13:12:55.557] [DEBUG] router - route=posts,username=markangeltrueman,endpoint=approved/:1
[2018-07-14T13:12:55.559] [DEBUG] router - route=posts,username=markangeltrueman,endpoint=approved/:1
[2018-07-14T13:12:55.560] [DEBUG] router - route=users,username=markangeltrueman,endpoint=/levels
[2018-07-14T13:12:55.562] [DEBUG] router - route=posts,username=markangeltrueman,endpoint=approved/:1
[2018-07-14T13:13:40.122] [DEBUG] router - route=posts,username=markangeltrueman,endpoint=approved/:1
[2018-07-14T13:13:40.124] [DEBUG] router - route=users,username=markangeltrueman,endpoint=/levels
[2018-07-14T13:13:40.125] [DEBUG] router - route=posts,username=markangeltrueman,endpoint=approved/:1
[2018-07-14T13:13:40.130] [DEBUG] router - route=posts,username=markangeltrueman,endpoint=approved/:1
[2018-07-14T13:13:56.193] [DEBUG] router - route=posts,username=markangeltrueman,endpoint=approved/:1
[2018-07-14T13:13:56.196] [DEBUG] router - route=users,username=markangeltrueman,endpoint=/levels
[2018-07-14T13:13:56.197] [DEBUG] router - route=posts,username=markangeltrueman,endpoint=approved/:1
[2018-07-14T13:13:56.226] [DEBUG] router - route=posts,username=markangeltrueman,endpoint=approved/:1
[2018-07-14T13:14:02.856] [DEBUG] router - route=posts,username=markangeltrueman,endpoint=approved/:1
[2018-07-14T13:14:02.858] [DEBUG] router - route=users,username=markangeltrueman,endpoint=/levels
[2018-07-14T13:14:02.866] [DEBUG] router - route=posts,username=markangeltrueman,endpoint=approved/:1
[2018-07-14T13:14:02.890] [DEBUG] router - route=posts,username=markangeltrueman,endpoint=approved/:1
[2018-07-14T13:17:23.534] [DEBUG] router - route=posts,username=markangeltrueman,endpoint=approved/:1
[2018-07-14T13:17:23.537] [DEBUG] router - route=users,username=markangeltrueman,endpoint=/levels
[2018-07-14T13:17:23.538] [DEBUG] router - route=posts,username=markangeltrueman,endpoint=approved/:1
[2018-07-14T13:17:23.539] [DEBUG] router - route=posts,username=markangeltrueman,endpoint=approved/:1
[2018-07-14T13:20:35.977] [DEBUG] router - route=posts,username=markangeltrueman,endpoint=approved/:2
[2018-07-14T13:20:36.872] [DEBUG] router - route=posts,username=markangeltrueman,endpoint=approved/:3
[2018-07-14T13:20:38.820] [DEBUG] router - route=posts,username=markangeltrueman,endpoint=approved/:2
[2018-07-14T13:23:16.007] [DEBUG] router - route=posts,username=markangeltrueman,endpoint=approved/:1
[2018-07-14T13:23:16.009] [DEBUG] router - route=users,username=markangeltrueman,endpoint=/levels
[2018-07-14T13:23:16.010] [DEBUG] router - route=posts,username=markangeltrueman,endpoint=approved/:1
[2018-07-14T13:23:16.012] [DEBUG] router - route=posts,username=markangeltrueman,endpoint=approved/:1
[2018-07-14T13:23:57.649] [DEBUG] router - route=posts,username=markangeltrueman,endpoint=approved/:1
[2018-07-14T13:23:57.650] [DEBUG] router - route=users,username=markangeltrueman,endpoint=/levels
[2018-07-14T13:23:57.652] [DEBUG] router - route=posts,username=markangeltrueman,endpoint=approved/:1
[2018-07-14T13:23:57.678] [DEBUG] router - route=posts,username=markangeltrueman,endpoint=approved/:1
[2018-07-14T13:29:54.347] [DEBUG] router - route=posts,username=markangeltrueman,endpoint=approved/:1
[2018-07-14T13:29:54.350] [DEBUG] router - route=users,username=markangeltrueman,endpoint=/levels
[2018-07-14T13:29:54.358] [DEBUG] router - route=posts,username=markangeltrueman,endpoint=approved/:1
[2018-07-14T13:29:54.362] [DEBUG] router - route=posts,username=markangeltrueman,endpoint=approved/:1
[2018-07-14T13:30:39.478] [DEBUG] router - route=users,username=markangeltrueman,endpoint=/allusers
[2018-07-14T13:30:48.016] [DEBUG] router - route=posts,username=markangeltrueman,endpoint=approved/:1
[2018-07-14T13:31:58.088] [DEBUG] router - route=users,username=markangeltrueman,endpoint=/allusers
[2018-07-14T13:35:15.744] [DEBUG] router - route=posts,username=markangeltrueman,endpoint=approved/:1
[2018-07-14T13:36:14.020] [DEBUG] router - route=posts,username=markangeltrueman,endpoint=approved/:1
[2018-07-14T13:36:14.022] [DEBUG] router - route=users,username=markangeltrueman,endpoint=/levels
[2018-07-14T13:36:14.029] [DEBUG] router - route=posts,username=markangeltrueman,endpoint=approved/:1
[2018-07-14T13:36:14.052] [DEBUG] router - route=posts,username=markangeltrueman,endpoint=approved/:1
[2018-07-14T13:36:52.480] [DEBUG] router - route=posts,username=markangeltrueman,endpoint=approved/:1
[2018-07-14T13:36:52.483] [DEBUG] router - route=users,username=markangeltrueman,endpoint=/levels
[2018-07-14T13:36:52.489] [DEBUG] router - route=posts,username=markangeltrueman,endpoint=approved/:1
[2018-07-14T13:36:52.511] [DEBUG] router - route=posts,username=markangeltrueman,endpoint=approved/:1
[2018-07-14T13:37:34.300] [DEBUG] router - route=posts,username=markangeltrueman,endpoint=approved/:1
[2018-07-14T13:37:34.302] [DEBUG] router - route=users,username=markangeltrueman,endpoint=/levels
[2018-07-14T13:37:34.308] [DEBUG] router - route=posts,username=markangeltrueman,endpoint=approved/:1
[2018-07-14T13:37:34.333] [DEBUG] router - route=posts,username=markangeltrueman,endpoint=approved/:1
[2018-07-14T13:37:42.130] [DEBUG] router - route=users,username=markangeltrueman,endpoint=/allusers
[2018-07-14T13:37:45.142] [DEBUG] router - route=users,username=markangeltrueman,endpoint=/allusers
[2018-07-14T13:37:52.395] [DEBUG] router - route=posts,username=markangeltrueman,endpoint=approved/:1
[2018-07-14T13:39:09.464] [DEBUG] router - route=posts,username=markangeltrueman,endpoint=approved/:1
[2018-07-14T13:39:09.467] [DEBUG] router - route=users,username=markangeltrueman,endpoint=/levels
[2018-07-14T13:39:09.473] [DEBUG] router - route=posts,username=markangeltrueman,endpoint=approved/:1
[2018-07-14T13:39:09.498] [DEBUG] router - route=posts,username=markangeltrueman,endpoint=approved/:1
[2018-07-14T13:39:54.425] [DEBUG] router - route=posts,username=markangeltrueman,endpoint=approved/:1
[2018-07-14T13:39:54.428] [DEBUG] router - route=users,username=markangeltrueman,endpoint=/levels
[2018-07-14T13:39:54.434] [DEBUG] router - route=posts,username=markangeltrueman,endpoint=approved/:1
[2018-07-14T13:39:54.458] [DEBUG] router - route=posts,username=markangeltrueman,endpoint=approved/:1
[2018-07-14T13:40:43.562] [DEBUG] router - route=posts,username=markangeltrueman,endpoint=approved/:1
[2018-07-14T13:40:43.564] [DEBUG] router - route=users,username=markangeltrueman,endpoint=/levels
[2018-07-14T13:40:43.570] [DEBUG] router - route=posts,username=markangeltrueman,endpoint=approved/:1
[2018-07-14T13:40:43.599] [DEBUG] router - route=users,username=markangeltrueman,endpoint=/allusers
[2018-07-14T13:41:51.508] [DEBUG] router - route=posts,username=markangeltrueman,endpoint=approved/:1
[2018-07-14T13:41:51.510] [DEBUG] router - route=posts,username=markangeltrueman,endpoint=approved/:1
[2018-07-14T13:41:51.517] [DEBUG] router - route=users,username=markangeltrueman,endpoint=/levels
[2018-07-14T13:41:51.544] [DEBUG] router - route=users,username=markangeltrueman,endpoint=/allusers
[2018-07-14T13:41:56.024] [DEBUG] router - route=posts,username=markangeltrueman,endpoint=approved/:1
[2018-07-14T13:48:20.522] [DEBUG] router - route=posts,username=markangeltrueman,endpoint=approved/:1
[2018-07-14T13:48:20.526] [DEBUG] router - route=posts,username=markangeltrueman,endpoint=approved/:1
[2018-07-14T13:48:20.538] [DEBUG] router - route=users,username=markangeltrueman,endpoint=/levels
[2018-07-14T13:48:20.576] [DEBUG] router - route=posts,username=markangeltrueman,endpoint=approved/:1
[2018-07-14T13:50:36.136] [DEBUG] router - route=posts,username=markangeltrueman,endpoint=approved/:1
[2018-07-14T13:50:36.139] [DEBUG] router - route=users,username=markangeltrueman,endpoint=/levels
[2018-07-14T13:50:36.144] [DEBUG] router - route=posts,username=markangeltrueman,endpoint=approved/:1
[2018-07-14T13:50:36.185] [DEBUG] router - route=posts,username=markangeltrueman,endpoint=approved/:1
[2018-07-14T13:50:52.608] [DEBUG] router - route=posts,username=markangeltrueman,endpoint=approved/:1
[2018-07-14T13:50:52.609] [DEBUG] router - route=users,username=markangeltrueman,endpoint=/levels
[2018-07-14T13:50:52.614] [DEBUG] router - route=posts,username=markangeltrueman,endpoint=approved/:1
[2018-07-14T13:50:52.642] [DEBUG] router - route=posts,username=markangeltrueman,endpoint=approved/:1
[2018-07-14T13:51:32.412] [DEBUG] router - route=posts,username=markangeltrueman,endpoint=approved/:1
[2018-07-14T13:51:32.415] [DEBUG] router - route=posts,username=markangeltrueman,endpoint=approved/:1
[2018-07-14T13:51:32.426] [DEBUG] router - route=users,username=markangeltrueman,endpoint=/levels
[2018-07-14T13:51:32.458] [DEBUG] router - route=posts,username=markangeltrueman,endpoint=approved/:1
[2018-07-14T13:53:57.286] [DEBUG] router - route=posts,username=markangeltrueman,endpoint=approved/:1
[2018-07-14T13:53:57.290] [DEBUG] router - route=users,username=markangeltrueman,endpoint=/levels
[2018-07-14T13:53:57.291] [DEBUG] router - route=posts,username=markangeltrueman,endpoint=approved/:1
[2018-07-14T13:53:57.324] [DEBUG] router - route=posts,username=markangeltrueman,endpoint=approved/:1
[2018-07-14T13:54:08.986] [DEBUG] router - route=users,username=markangeltrueman,endpoint=/levels
[2018-07-14T13:54:08.987] [DEBUG] router - route=posts,username=markangeltrueman,endpoint=approved/:1
[2018-07-14T13:54:08.988] [DEBUG] router - route=posts,username=markangeltrueman,endpoint=approved/:1
[2018-07-14T13:54:09.025] [DEBUG] router - route=posts,username=markangeltrueman,endpoint=approved/:1
[2018-07-14T13:54:21.072] [DEBUG] router - route=users,username=markangeltrueman,endpoint=/allusers
[2018-07-14T13:54:24.752] [DEBUG] router - route=users,username=markangeltrueman,endpoint=/allusers
[2018-07-14T13:55:16.175] [DEBUG] router - route=posts,username=markangeltrueman,endpoint=approved/:1
[2018-07-14T13:56:21.343] [DEBUG] router - route=posts,username=markangeltrueman,endpoint=approved/:1
[2018-07-14T13:56:21.345] [DEBUG] router - route=users,username=markangeltrueman,endpoint=/levels
[2018-07-14T13:56:21.347] [DEBUG] router - route=posts,username=markangeltrueman,endpoint=approved/:1
[2018-07-14T13:56:21.387] [DEBUG] router - route=posts,username=markangeltrueman,endpoint=approved/:1
[2018-07-14T13:56:51.690] [DEBUG] router - route=posts,username=markangeltrueman,endpoint=approved/:1
[2018-07-14T13:56:51.694] [DEBUG] router - route=users,username=markangeltrueman,endpoint=/levels
[2018-07-14T13:56:51.696] [DEBUG] router - route=posts,username=markangeltrueman,endpoint=approved/:1
[2018-07-14T13:56:51.740] [DEBUG] router - route=posts,username=markangeltrueman,endpoint=approved/:1
[2018-07-14T14:01:12.257] [DEBUG] router - route=posts,username=markangeltrueman,endpoint=approved/:1
[2018-07-14T14:01:12.270] [DEBUG] router - route=users,username=markangeltrueman,endpoint=/levels
[2018-07-14T14:01:12.272] [DEBUG] router - route=posts,username=markangeltrueman,endpoint=approved/:1
[2018-07-14T14:01:12.299] [DEBUG] router - route=posts,username=markangeltrueman,endpoint=approved/:1
[2018-07-14T14:01:20.388] [DEBUG] router - route=posts,username=markangeltrueman,endpoint=approved/:1
[2018-07-14T14:01:20.407] [DEBUG] router - route=users,username=markangeltrueman,endpoint=/levels
[2018-07-14T14:01:20.425] [DEBUG] router - route=posts,username=markangeltrueman,endpoint=approved/:1
[2018-07-14T14:01:20.502] [DEBUG] router - route=posts,username=markangeltrueman,endpoint=approved/:1
[2018-07-14T14:02:10.042] [DEBUG] router - route=posts,username=markangeltrueman,endpoint=approved/:1
[2018-07-14T14:02:10.046] [DEBUG] router - route=users,username=markangeltrueman,endpoint=/levels
[2018-07-14T14:02:10.048] [DEBUG] router - route=posts,username=markangeltrueman,endpoint=approved/:1
[2018-07-14T14:02:10.095] [DEBUG] router - route=posts,username=markangeltrueman,endpoint=approved/:1
[2018-07-14T14:10:48.670] [DEBUG] router - route=posts,username=markangeltrueman,endpoint=approved/:1
[2018-07-14T14:10:48.683] [DEBUG] router - route=users,username=markangeltrueman,endpoint=/levels
[2018-07-14T14:10:48.691] [DEBUG] router - route=posts,username=markangeltrueman,endpoint=approved/:1
[2018-07-14T14:10:48.738] [DEBUG] router - route=posts,username=markangeltrueman,endpoint=approved/:1
[2018-07-14T14:11:02.274] [DEBUG] router - route=posts,username=markangeltrueman,endpoint=approved/:2
[2018-07-14T14:19:26.378] [DEBUG] router - route=posts,username=markangeltrueman,endpoint=approved/:1
[2018-07-14T14:19:26.380] [DEBUG] router - route=users,username=markangeltrueman,endpoint=/levels
[2018-07-14T14:19:33.558] [DEBUG] router - route=posts,username=markangeltrueman,endpoint=approved/:1
[2018-07-14T14:19:33.561] [DEBUG] router - route=users,username=markangeltrueman,endpoint=/levels
[2018-07-14T14:19:33.566] [DEBUG] router - route=posts,username=markangeltrueman,endpoint=approved/:1
[2018-07-14T14:19:33.593] [DEBUG] router - route=posts,username=markangeltrueman,endpoint=approved/:1
[2018-07-14T14:24:18.058] [DEBUG] router - route=posts,username=markangeltrueman,endpoint=approved/:1
[2018-07-14T14:24:18.060] [DEBUG] router - route=posts,username=markangeltrueman,endpoint=approved/:1
[2018-07-14T14:24:18.062] [DEBUG] router - route=users,username=markangeltrueman,endpoint=/levels
[2018-07-14T14:24:18.089] [DEBUG] router - route=posts,username=markangeltrueman,endpoint=approved/:1
[2018-07-14T14:44:01.053] [DEBUG] router - route=posts,username=markangeltrueman,endpoint=approved/:1
[2018-07-14T14:44:01.056] [DEBUG] router - route=posts,username=markangeltrueman,endpoint=approved/:1
[2018-07-14T14:44:01.059] [DEBUG] router - route=users,username=markangeltrueman,endpoint=/levels
[2018-07-14T14:44:01.163] [DEBUG] router - route=posts,username=markangeltrueman,endpoint=approved/:1
[2018-07-14T14:44:01.216] [DEBUG] router - route=posts,username=markangeltrueman,endpoint=approved/:1
[2018-07-14T14:44:01.218] [DEBUG] router - route=users,username=markangeltrueman,endpoint=/levels
[2018-07-14T14:44:01.222] [DEBUG] router - route=posts,username=markangeltrueman,endpoint=approved/:1
[2018-07-14T14:44:01.258] [DEBUG] router - route=posts,username=markangeltrueman,endpoint=approved/:1
[2018-07-14T15:00:06.633] [DEBUG] router - route=posts,username=markangeltrueman,endpoint=approved/:1
[2018-07-14T15:00:06.640] [DEBUG] router - route=users,username=markangeltrueman,endpoint=/levels
[2018-07-14T15:00:06.642] [DEBUG] router - route=posts,username=markangeltrueman,endpoint=approved/:1
[2018-07-14T15:00:06.683] [DEBUG] router - route=posts,username=markangeltrueman,endpoint=approved/:1
[2018-07-14T15:02:38.026] [DEBUG] router - route=posts,username=markangeltrueman,endpoint=approved/:1
[2018-07-14T15:02:38.029] [DEBUG] router - route=users,username=markangeltrueman,endpoint=/levels
[2018-07-14T15:02:38.032] [DEBUG] router - route=posts,username=markangeltrueman,endpoint=approved/:1
[2018-07-14T15:02:38.069] [DEBUG] router - route=posts,username=markangeltrueman,endpoint=approved/:1
[2018-07-14T15:09:40.298] [DEBUG] router - route=posts,username=markangeltrueman,endpoint=approved/:1
[2018-07-14T15:09:40.300] [DEBUG] router - route=users,username=markangeltrueman,endpoint=/levels
[2018-07-14T15:09:40.302] [DEBUG] router - route=posts,username=markangeltrueman,endpoint=approved/:1
[2018-07-14T15:09:40.344] [DEBUG] router - route=posts,username=markangeltrueman,endpoint=approved/:1
[2018-07-14T15:11:32.721] [DEBUG] router - route=posts,username=markangeltrueman,endpoint=approved/:1
[2018-07-14T15:11:32.723] [DEBUG] router - route=users,username=markangeltrueman,endpoint=/levels
[2018-07-14T15:11:32.726] [DEBUG] router - route=posts,username=markangeltrueman,endpoint=approved/:1
[2018-07-14T15:11:32.755] [DEBUG] router - route=posts,username=markangeltrueman,endpoint=approved/:1
[2018-07-14T16:55:22.672] [DEBUG] router - route=posts,username=markangeltrueman,endpoint=approved/:1
[2018-07-14T16:55:22.674] [DEBUG] router - route=posts,username=markangeltrueman,endpoint=approved/:1
[2018-07-14T16:55:22.676] [DEBUG] router - route=users,username=markangeltrueman,endpoint=/levels
[2018-07-14T16:55:22.677] [DEBUG] router - route=posts,username=markangeltrueman,endpoint=approved/:1
[2018-07-14T16:56:10.024] [DEBUG] router - route=posts,username=markangeltrueman,endpoint=approved/:1
[2018-07-14T16:56:10.026] [DEBUG] router - route=posts,username=markangeltrueman,endpoint=approved/:1
[2018-07-14T16:56:10.032] [DEBUG] router - route=users,username=markangeltrueman,endpoint=/levels
[2018-07-14T16:56:10.057] [DEBUG] router - route=posts,username=markangeltrueman,endpoint=approved/:1
[2018-07-14T16:57:09.653] [DEBUG] router - route=posts,username=markangeltrueman,endpoint=approved/:1
[2018-07-14T16:57:09.655] [DEBUG] router - route=users,username=markangeltrueman,endpoint=/levels
[2018-07-14T16:57:09.656] [DEBUG] router - route=posts,username=markangeltrueman,endpoint=approved/:1
[2018-07-14T16:57:09.687] [DEBUG] router - route=posts,username=markangeltrueman,endpoint=approved/:1
[2018-07-14T16:57:13.915] [DEBUG] router - route=posts,username=markangeltrueman,endpoint=approved/:1
[2018-07-14T16:57:13.917] [DEBUG] router - route=users,username=markangeltrueman,endpoint=/levels
[2018-07-14T16:57:13.918] [DEBUG] router - route=posts,username=markangeltrueman,endpoint=approved/:1
[2018-07-14T16:57:13.919] [DEBUG] router - route=posts,username=markangeltrueman,endpoint=approved/:1
[2018-07-14T16:57:43.036] [DEBUG] router - route=posts,username=markangeltrueman,endpoint=approved/:1
[2018-07-14T16:57:43.038] [DEBUG] router - route=posts,username=markangeltrueman,endpoint=approved/:1
[2018-07-14T16:57:43.039] [DEBUG] router - route=users,username=markangeltrueman,endpoint=/levels
[2018-07-14T16:57:43.067] [DEBUG] router - route=posts,username=markangeltrueman,endpoint=approved/:1
[2018-07-14T16:57:45.125] [DEBUG] router - route=posts,username=markangeltrueman,endpoint=approved/:2
[2018-07-14T16:57:46.248] [DEBUG] router - route=posts,username=markangeltrueman,endpoint=approved/:1
[2018-07-14T16:57:47.116] [DEBUG] router - route=posts,username=markangeltrueman,endpoint=approved/:2
[2018-07-14T16:57:47.692] [DEBUG] router - route=posts,username=markangeltrueman,endpoint=approved/:3
[2018-07-14T16:57:48.721] [DEBUG] router - route=posts,username=markangeltrueman,endpoint=approved/:2
[2018-07-14T16:57:49.274] [DEBUG] router - route=posts,username=markangeltrueman,endpoint=approved/:1
[2018-07-14T16:58:45.313] [DEBUG] router - route=posts,username=markangeltrueman,endpoint=approved/:1
[2018-07-14T16:58:45.327] [DEBUG] router - route=users,username=markangeltrueman,endpoint=/levels
[2018-07-14T16:58:45.330] [DEBUG] router - route=posts,username=markangeltrueman,endpoint=approved/:1
[2018-07-14T16:58:45.332] [DEBUG] router - route=posts,username=markangeltrueman,endpoint=approved/:1
[2018-07-14T20:04:30.095] [DEBUG] router - route=posts,username=markangeltrueman,endpoint=approved/:1
[2018-07-14T20:04:30.098] [DEBUG] router - route=users,username=markangeltrueman,endpoint=/levels
[2018-07-14T20:04:30.099] [DEBUG] router - route=posts,username=markangeltrueman,endpoint=approved/:1
[2018-07-14T20:04:30.134] [DEBUG] router - route=posts,username=markangeltrueman,endpoint=approved/:1
[2018-07-14T20:04:38.470] [DEBUG] router - route=posts,username=markangeltrueman,endpoint=approved/:2
[2018-07-14T20:04:39.311] [DEBUG] router - route=posts,username=markangeltrueman,endpoint=approved/:1
[2018-07-14T20:36:33.834] [DEBUG] router - route=posts,username=markangeltrueman,endpoint=approved/:1
[2018-07-14T20:36:33.835] [DEBUG] router - route=users,username=markangeltrueman,endpoint=/levels
[2018-07-14T20:36:33.836] [DEBUG] router - route=posts,username=markangeltrueman,endpoint=approved/:1
[2018-07-14T20:36:33.865] [DEBUG] router - route=posts,username=markangeltrueman,endpoint=approved/:1
[2018-07-14T20:38:52.207] [DEBUG] router - route=posts,username=markangeltrueman,endpoint=approved/:1
[2018-07-14T20:38:52.209] [DEBUG] router - route=users,username=markangeltrueman,endpoint=/levels
[2018-07-14T20:38:52.212] [DEBUG] router - route=posts,username=markangeltrueman,endpoint=approved/:1
[2018-07-14T20:38:52.237] [DEBUG] router - route=posts,username=markangeltrueman,endpoint=approved/:1
[2018-07-14T20:46:57.072] [DEBUG] router - route=posts,username=markangeltrueman,endpoint=approved/:1
[2018-07-14T20:46:57.074] [DEBUG] router - route=posts,username=markangeltrueman,endpoint=approved/:1
[2018-07-14T20:46:57.081] [DEBUG] router - route=users,username=markangeltrueman,endpoint=/levels
[2018-07-14T20:46:57.097] [DEBUG] router - route=posts,username=markangeltrueman,endpoint=approved/:1
[2018-07-14T20:47:40.049] [DEBUG] router - route=posts,username=markangeltrueman,endpoint=approved/:1
[2018-07-14T20:47:40.064] [DEBUG] router - route=posts,username=markangeltrueman,endpoint=approved/:1
[2018-07-14T20:47:40.074] [DEBUG] router - route=users,username=markangeltrueman,endpoint=/levels
[2018-07-14T20:47:40.076] [DEBUG] router - route=posts,username=markangeltrueman,endpoint=approved/:1
[2018-07-14T20:48:11.062] [DEBUG] router - route=posts,username=markangeltrueman,endpoint=approved/:1
[2018-07-14T20:48:11.077] [DEBUG] router - route=users,username=markangeltrueman,endpoint=/levels
[2018-07-14T20:48:11.079] [DEBUG] router - route=posts,username=markangeltrueman,endpoint=approved/:1
[2018-07-14T20:48:11.148] [DEBUG] router - route=posts,username=markangeltrueman,endpoint=approved/:1
[2018-07-14T20:49:18.007] [DEBUG] router - route=posts,username=markangeltrueman,endpoint=approved/:2
[2018-07-14T20:49:18.630] [DEBUG] router - route=posts,username=markangeltrueman,endpoint=approved/:3
[2018-07-14T20:49:19.841] [DEBUG] router - route=posts,username=markangeltrueman,endpoint=approved/:2
[2018-07-14T20:49:20.298] [DEBUG] router - route=posts,username=markangeltrueman,endpoint=approved/:1
[2018-07-14T20:51:15.722] [DEBUG] router - route=posts,username=markangeltrueman,endpoint=approved/:1
[2018-07-14T20:51:15.726] [DEBUG] router - route=users,username=markangeltrueman,endpoint=/levels
[2018-07-14T20:51:15.736] [DEBUG] router - route=posts,username=markangeltrueman,endpoint=approved/:1
[2018-07-14T20:53:18.362] [DEBUG] router - route=posts,username=markangeltrueman,endpoint=approved/:1
[2018-07-14T20:53:18.382] [DEBUG] router - route=users,username=markangeltrueman,endpoint=/levels
[2018-07-14T20:53:18.385] [DEBUG] router - route=posts,username=markangeltrueman,endpoint=approved/:1
[2018-07-14T20:53:23.739] [DEBUG] router - route=posts,username=markangeltrueman,endpoint=approved/:1
[2018-07-14T20:53:46.509] [DEBUG] router - route=users,username=markangeltrueman,endpoint=/levels
[2018-07-14T20:53:46.522] [DEBUG] router - route=posts,username=markangeltrueman,endpoint=approved/:1
[2018-07-14T20:53:46.533] [DEBUG] router - route=posts,username=markangeltrueman,endpoint=approved/:1
[2018-07-14T20:53:46.656] [DEBUG] router - route=posts,username=markangeltrueman,endpoint=approved/:1
[2018-07-14T20:54:31.134] [DEBUG] router - route=posts,username=markangeltrueman,endpoint=approved/:1
[2018-07-14T20:54:31.137] [DEBUG] router - route=users,username=markangeltrueman,endpoint=/levels
[2018-07-14T20:54:31.139] [DEBUG] router - route=posts,username=markangeltrueman,endpoint=approved/:1
[2018-07-14T20:54:31.169] [DEBUG] router - route=posts,username=markangeltrueman,endpoint=approved/:1
[2018-07-14T20:54:38.517] [DEBUG] router - route=posts,username=markangeltrueman,endpoint=approved/:1
[2018-07-14T20:54:38.520] [DEBUG] router - route=users,username=markangeltrueman,endpoint=/levels
[2018-07-14T20:54:38.521] [DEBUG] router - route=posts,username=markangeltrueman,endpoint=approved/:1
[2018-07-14T20:54:38.552] [DEBUG] router - route=posts,username=markangeltrueman,endpoint=approved/:1
[2018-07-14T20:54:52.570] [DEBUG] router - route=posts,username=markangeltrueman,endpoint=approved/:1
[2018-07-14T20:54:52.584] [DEBUG] router - route=posts,username=markangeltrueman,endpoint=approved/:1
[2018-07-14T20:54:52.588] [DEBUG] router - route=users,username=markangeltrueman,endpoint=/levels
[2018-07-14T20:54:52.654] [DEBUG] router - route=posts,username=markangeltrueman,endpoint=approved/:1
[2018-07-14T20:55:09.407] [DEBUG] router - route=posts,username=markangeltrueman,endpoint=approved/:1
[2018-07-14T20:55:09.410] [DEBUG] router - route=users,username=markangeltrueman,endpoint=/levels
[2018-07-14T20:55:09.412] [DEBUG] router - route=posts,username=markangeltrueman,endpoint=approved/:1
[2018-07-14T20:55:09.447] [DEBUG] router - route=posts,username=markangeltrueman,endpoint=approved/:1
[2018-07-14T20:55:29.840] [DEBUG] router - route=posts,username=markangeltrueman,endpoint=approved/:1
[2018-07-14T20:55:29.854] [DEBUG] router - route=users,username=markangeltrueman,endpoint=/levels
[2018-07-14T20:55:29.856] [DEBUG] router - route=posts,username=markangeltrueman,endpoint=approved/:1
[2018-07-14T20:55:29.940] [DEBUG] router - route=posts,username=markangeltrueman,endpoint=approved/:1
[2018-07-14T20:57:43.471] [DEBUG] router - route=posts,username=markangeltrueman,endpoint=approved/:1
[2018-07-14T20:57:43.485] [DEBUG] router - route=users,username=markangeltrueman,endpoint=/levels
[2018-07-14T20:57:43.489] [DEBUG] router - route=posts,username=markangeltrueman,endpoint=approved/:1
[2018-07-14T20:57:43.553] [DEBUG] router - route=posts,username=markangeltrueman,endpoint=approved/:1
[2018-07-14T21:00:09.434] [DEBUG] router - route=posts,username=markangeltrueman,endpoint=approved/:1
[2018-07-14T21:00:09.451] [DEBUG] router - route=users,username=markangeltrueman,endpoint=/levels
[2018-07-14T21:00:09.483] [DEBUG] router - route=posts,username=markangeltrueman,endpoint=approved/:1
[2018-07-14T21:00:09.525] [DEBUG] router - route=posts,username=markangeltrueman,endpoint=approved/:1
[2018-07-14T21:01:06.628] [DEBUG] router - route=posts,username=markangeltrueman,endpoint=approved/:1
[2018-07-14T21:01:06.630] [DEBUG] router - route=users,username=markangeltrueman,endpoint=/levels
[2018-07-14T21:01:06.640] [DEBUG] router - route=posts,username=markangeltrueman,endpoint=approved/:1
[2018-07-14T21:01:06.665] [DEBUG] router - route=posts,username=markangeltrueman,endpoint=approved/:1
[2018-07-14T21:01:47.909] [DEBUG] router - route=posts,username=markangeltrueman,endpoint=approved/:1
[2018-07-14T21:01:47.911] [DEBUG] router - route=users,username=markangeltrueman,endpoint=/levels
[2018-07-14T21:01:47.912] [DEBUG] router - route=posts,username=markangeltrueman,endpoint=approved/:1
[2018-07-14T21:01:47.941] [DEBUG] router - route=posts,username=markangeltrueman,endpoint=approved/:1
[2018-07-14T21:03:58.603] [DEBUG] router - route=posts,username=markangeltrueman,endpoint=approved/:1
[2018-07-14T21:03:58.605] [DEBUG] router - route=users,username=markangeltrueman,endpoint=/levels
[2018-07-14T21:03:58.608] [DEBUG] router - route=posts,username=markangeltrueman,endpoint=approved/:1
[2018-07-14T21:03:58.632] [DEBUG] router - route=posts,username=markangeltrueman,endpoint=approved/:1
[2018-07-14T21:04:09.564] [DEBUG] router - route=posts,username=markangeltrueman,endpoint=approved/:1
[2018-07-14T21:04:09.566] [DEBUG] router - route=posts,username=markangeltrueman,endpoint=approved/:1
[2018-07-14T21:04:09.568] [DEBUG] router - route=users,username=markangeltrueman,endpoint=/levels
[2018-07-14T21:04:09.591] [DEBUG] router - route=posts,username=markangeltrueman,endpoint=approved/:1
[2018-07-14T21:04:38.930] [DEBUG] router - route=posts,username=markangeltrueman,endpoint=approved/:1
[2018-07-14T21:04:38.932] [DEBUG] router - route=users,username=markangeltrueman,endpoint=/levels
[2018-07-14T21:04:38.933] [DEBUG] router - route=posts,username=markangeltrueman,endpoint=approved/:1
[2018-07-14T21:04:38.956] [DEBUG] router - route=posts,username=markangeltrueman,endpoint=approved/:1
[2018-07-14T21:06:31.108] [DEBUG] router - route=posts,username=markangeltrueman,endpoint=approved/:1
[2018-07-14T21:06:31.110] [DEBUG] router - route=users,username=markangeltrueman,endpoint=/levels
[2018-07-14T21:06:31.111] [DEBUG] router - route=posts,username=markangeltrueman,endpoint=approved/:1
[2018-07-14T21:06:31.136] [DEBUG] router - route=posts,username=markangeltrueman,endpoint=approved/:1
[2018-07-14T21:08:04.116] [DEBUG] router - route=posts,username=markangeltrueman,endpoint=approved/:1
[2018-07-14T21:08:04.118] [DEBUG] router - route=users,username=markangeltrueman,endpoint=/levels
[2018-07-14T21:08:04.119] [DEBUG] router - route=posts,username=markangeltrueman,endpoint=approved/:1
[2018-07-14T21:08:04.141] [DEBUG] router - route=posts,username=markangeltrueman,endpoint=approved/:1
[2018-07-14T21:11:35.846] [DEBUG] router - route=users,username=markangeltrueman,endpoint=/levels
[2018-07-14T21:11:35.847] [DEBUG] router - route=posts,username=markangeltrueman,endpoint=approved/:1
[2018-07-14T21:11:35.850] [DEBUG] router - route=posts,username=markangeltrueman,endpoint=approved/:1
[2018-07-14T21:11:35.873] [DEBUG] router - route=posts,username=markangeltrueman,endpoint=approved/:1
[2018-07-14T21:28:28.545] [DEBUG] router - route=posts,username=markangeltrueman,endpoint=approved/:1
[2018-07-14T21:28:28.548] [DEBUG] router - route=users,username=markangeltrueman,endpoint=/levels
[2018-07-14T21:28:28.552] [DEBUG] router - route=posts,username=markangeltrueman,endpoint=approved/:1
[2018-07-14T21:28:28.574] [DEBUG] router - route=posts,username=markangeltrueman,endpoint=approved/:1
[2018-07-14T21:28:36.231] [DEBUG] router - route=posts,username=markangeltrueman,endpoint=approved/:2
[2018-07-14T21:28:37.695] [DEBUG] router - route=posts,username=markangeltrueman,endpoint=approved/:3
[2018-07-14T21:28:39.046] [DEBUG] router - route=posts,username=markangeltrueman,endpoint=approved/:2
[2018-07-14T21:28:39.574] [DEBUG] router - route=posts,username=markangeltrueman,endpoint=approved/:1
[2018-07-14T21:28:42.234] [DEBUG] router - route=posts,username=markangeltrueman,endpoint=approved/:1
[2018-07-14T21:36:10.820] [DEBUG] router - route=posts,username=markangeltrueman,endpoint=approved/:2
[2018-07-14T21:36:13.389] [DEBUG] router - route=posts,username=markangeltrueman,endpoint=approved/:1
[2018-07-14T21:38:09.693] [DEBUG] router - route=posts,username=markangeltrueman,endpoint=approved/:1
[2018-07-14T21:38:09.694] [DEBUG] router - route=users,username=markangeltrueman,endpoint=/levels
[2018-07-14T21:38:09.695] [DEBUG] router - route=posts,username=markangeltrueman,endpoint=approved/:1
[2018-07-14T21:38:09.719] [DEBUG] router - route=posts,username=markangeltrueman,endpoint=approved/:1
[2018-07-14T21:41:37.575] [DEBUG] router - route=posts,username=markangeltrueman,endpoint=approved/:1
[2018-07-14T21:41:37.585] [DEBUG] router - route=users,username=markangeltrueman,endpoint=/levels
[2018-07-14T21:41:37.586] [DEBUG] router - route=posts,username=markangeltrueman,endpoint=approved/:1
[2018-07-14T21:41:37.602] [DEBUG] router - route=posts,username=markangeltrueman,endpoint=approved/:1
[2018-07-14T21:46:05.330] [DEBUG] router - route=posts,username=markangeltrueman,endpoint=approved/:1
[2018-07-14T21:46:05.332] [DEBUG] router - route=users,username=markangeltrueman,endpoint=/levels
[2018-07-14T21:46:05.336] [DEBUG] router - route=posts,username=markangeltrueman,endpoint=approved/:1
[2018-07-14T21:46:05.464] [DEBUG] router - route=posts,username=markangeltrueman,endpoint=approved/:1
[2018-07-15T10:34:01.391] [DEBUG] router - route=posts,username=markangeltrueman,endpoint=approved/:1
[2018-07-15T10:34:01.404] [DEBUG] router - route=users,username=markangeltrueman,endpoint=/levels
[2018-07-15T10:34:01.415] [DEBUG] router - route=posts,username=markangeltrueman,endpoint=approved/:1
[2018-07-15T10:34:01.493] [DEBUG] router - route=posts,username=markangeltrueman,endpoint=approved/:1
[2018-07-15T10:34:23.263] [DEBUG] router - route=posts,username=markangeltrueman,endpoint=/:https://steemit.com/landscapephotography/@scottshots/rainbow-bridge-at-sunset-shot-thursday-and-a-bit-of-how-to
[2018-07-15T10:34:25.351] [DEBUG] router - response from business logic = [object Object]
[2018-07-15T10:42:10.067] [DEBUG] router - route=posts,username=markangeltrueman,endpoint=toapprove
[2018-07-15T10:42:14.508] [DEBUG] router - route=posts,username=markangeltrueman,endpoint=/approve:5b4769cc948354f93508cefa
[2018-07-15T10:42:17.094] [DEBUG] router - route=posts,username=markangeltrueman,endpoint=approved/:1
[2018-07-15T10:42:17.100] [DEBUG] router - route=posts,username=markangeltrueman,endpoint=approved/:1
[2018-07-15T10:42:17.102] [DEBUG] router - route=posts,username=markangeltrueman,endpoint=toapprove
[2018-07-15T10:47:41.002] [DEBUG] router - route=posts,username=markangeltrueman,endpoint=/approve:5b4b151f9d86987367219d92
[2018-07-15T10:47:43.036] [DEBUG] router - route=posts,username=markangeltrueman,endpoint=approved/:1
[2018-07-15T10:47:43.060] [DEBUG] router - route=posts,username=markangeltrueman,endpoint=approved/:1
[2018-07-15T10:47:43.070] [DEBUG] router - route=posts,username=markangeltrueman,endpoint=toapprove
[2018-07-15T11:44:48.185] [DEBUG] router - route=posts,username=markangeltrueman,endpoint=approved/:1
[2018-07-15T11:45:37.583] [DEBUG] router - route=posts,username=markangeltrueman,endpoint=approved/:1
[2018-07-15T11:45:37.586] [DEBUG] router - route=users,username=markangeltrueman,endpoint=/levels
[2018-07-15T11:45:37.588] [DEBUG] router - route=posts,username=markangeltrueman,endpoint=approved/:1
[2018-07-15T11:45:37.614] [DEBUG] router - route=users,username=markangeltrueman,endpoint=/levels
[2018-07-15T11:45:37.618] [DEBUG] router - route=posts,username=markangeltrueman,endpoint=approved/:1
[2018-07-15T11:45:37.625] [DEBUG] router - route=posts,username=markangeltrueman,endpoint=approved/:1
[2018-07-15T11:45:37.642] [DEBUG] router - route=posts,username=markangeltrueman,endpoint=approved/:1
[2018-07-15T11:45:37.662] [DEBUG] router - route=posts,username=markangeltrueman,endpoint=approved/:1
[2018-07-15T11:46:49.224] [DEBUG] router - route=posts,username=markangeltrueman,endpoint=approved/:1
[2018-07-15T11:46:49.226] [DEBUG] router - route=users,username=markangeltrueman,endpoint=/levels
[2018-07-15T11:46:49.234] [DEBUG] router - route=posts,username=markangeltrueman,endpoint=approved/:1
[2018-07-15T11:46:49.263] [DEBUG] router - route=posts,username=markangeltrueman,endpoint=approved/:1
[2018-07-15T11:46:49.362] [DEBUG] router - route=users,username=markangeltrueman,endpoint=/levels
[2018-07-15T11:46:49.363] [DEBUG] router - route=posts,username=markangeltrueman,endpoint=approved/:1
[2018-07-15T11:46:49.365] [DEBUG] router - route=posts,username=markangeltrueman,endpoint=approved/:1
[2018-07-15T11:46:49.384] [DEBUG] router - route=posts,username=markangeltrueman,endpoint=approved/:1
[2018-07-15T11:47:03.642] [DEBUG] router - route=posts,username=markangeltrueman,endpoint=approved/:1
[2018-07-15T11:47:03.645] [DEBUG] router - route=users,username=markangeltrueman,endpoint=/levels
[2018-07-15T11:47:03.646] [DEBUG] router - route=posts,username=markangeltrueman,endpoint=approved/:1
[2018-07-15T11:47:03.673] [DEBUG] router - route=posts,username=markangeltrueman,endpoint=approved/:1
[2018-07-15T11:47:03.729] [DEBUG] router - route=users,username=markangeltrueman,endpoint=/levels
[2018-07-15T11:47:03.731] [DEBUG] router - route=posts,username=markangeltrueman,endpoint=approved/:1
[2018-07-15T11:47:03.733] [DEBUG] router - route=posts,username=markangeltrueman,endpoint=approved/:1
[2018-07-15T11:47:03.759] [DEBUG] router - route=posts,username=markangeltrueman,endpoint=approved/:1
[2018-07-15T11:47:24.767] [DEBUG] router - route=posts,username=markangeltrueman,endpoint=approved/:1
[2018-07-15T11:49:01.498] [DEBUG] router - route=posts,username=markangeltrueman,endpoint=approved/:1
[2018-07-15T11:49:01.507] [DEBUG] router - route=posts,username=markangeltrueman,endpoint=approved/:1
[2018-07-15T11:49:01.510] [DEBUG] router - route=users,username=markangeltrueman,endpoint=/levels
[2018-07-15T11:49:01.593] [DEBUG] router - route=posts,username=markangeltrueman,endpoint=approved/:1
[2018-07-15T11:49:08.904] [DEBUG] router - route=posts,username=markangeltrueman,endpoint=approved/:1
[2018-07-15T11:49:15.162] [DEBUG] router - route=posts,username=markangeltrueman,endpoint=approved/:1
[2018-07-15T11:49:22.424] [DEBUG] router - route=posts,username=markangeltrueman,endpoint=approved/:1
[2018-07-15T11:50:08.355] [DEBUG] router - route=posts,username=markangeltrueman,endpoint=approved/:1
[2018-07-15T11:50:08.370] [DEBUG] router - route=users,username=markangeltrueman,endpoint=/levels
[2018-07-15T11:50:08.380] [DEBUG] router - route=posts,username=markangeltrueman,endpoint=approved/:1
[2018-07-15T11:50:08.382] [DEBUG] router - route=posts,username=markangeltrueman,endpoint=approved/:1
[2018-07-15T11:50:36.160] [DEBUG] router - route=users,username=markangeltrueman,endpoint=/levels
[2018-07-15T11:50:36.163] [DEBUG] router - route=posts,username=markangeltrueman,endpoint=approved/:1
[2018-07-15T11:50:36.167] [DEBUG] router - route=posts,username=markangeltrueman,endpoint=approved/:1
[2018-07-15T11:50:36.196] [DEBUG] router - route=users,username=markangeltrueman,endpoint=/levels
[2018-07-15T11:50:36.210] [DEBUG] router - route=posts,username=markangeltrueman,endpoint=approved/:1
[2018-07-15T11:50:36.220] [DEBUG] router - route=posts,username=markangeltrueman,endpoint=approved/:1
[2018-07-15T11:50:36.239] [DEBUG] router - route=posts,username=markangeltrueman,endpoint=approved/:1
[2018-07-15T11:50:36.259] [DEBUG] router - route=posts,username=markangeltrueman,endpoint=approved/:1
[2018-07-15T11:50:44.886] [DEBUG] router - route=posts,username=markangeltrueman,endpoint=approved/:1
[2018-07-15T11:50:44.889] [DEBUG] router - route=posts,username=markangeltrueman,endpoint=approved/:1
[2018-07-15T11:50:44.892] [DEBUG] router - route=posts,username=markangeltrueman,endpoint=approved/:1
[2018-07-15T11:50:44.897] [DEBUG] router - route=users,username=markangeltrueman,endpoint=/levels
[2018-07-15T11:50:45.229] [DEBUG] router - route=posts,username=markangeltrueman,endpoint=approved/:1
[2018-07-15T11:50:45.231] [DEBUG] router - route=users,username=markangeltrueman,endpoint=/levels
[2018-07-15T11:50:45.233] [DEBUG] router - route=posts,username=markangeltrueman,endpoint=approved/:1
[2018-07-15T11:50:45.253] [DEBUG] router - route=posts,username=markangeltrueman,endpoint=approved/:1
[2018-07-15T11:50:52.708] [DEBUG] router - route=posts,username=markangeltrueman,endpoint=approved/:1
[2018-07-15T11:50:52.710] [DEBUG] router - route=users,username=markangeltrueman,endpoint=/levels
[2018-07-15T11:50:52.715] [DEBUG] router - route=posts,username=markangeltrueman,endpoint=approved/:1
[2018-07-15T11:50:52.734] [DEBUG] router - route=posts,username=markangeltrueman,endpoint=approved/:1
[2018-07-15T11:50:53.036] [DEBUG] router - route=posts,username=markangeltrueman,endpoint=approved/:1
[2018-07-15T11:50:53.038] [DEBUG] router - route=users,username=markangeltrueman,endpoint=/levels
[2018-07-15T11:50:53.039] [DEBUG] router - route=posts,username=markangeltrueman,endpoint=approved/:1
[2018-07-15T11:50:53.060] [DEBUG] router - route=posts,username=markangeltrueman,endpoint=approved/:1
[2018-07-15T11:50:59.715] [DEBUG] router - route=users,username=markangeltrueman,endpoint=/levels
[2018-07-15T11:50:59.716] [DEBUG] router - route=posts,username=markangeltrueman,endpoint=approved/:1
[2018-07-15T11:50:59.718] [DEBUG] router - route=posts,username=markangeltrueman,endpoint=approved/:1
[2018-07-15T11:50:59.725] [DEBUG] router - route=posts,username=markangeltrueman,endpoint=approved/:1
[2018-07-15T11:50:59.811] [DEBUG] router - route=posts,username=markangeltrueman,endpoint=approved/:1
[2018-07-15T11:50:59.813] [DEBUG] router - route=users,username=markangeltrueman,endpoint=/levels
[2018-07-15T11:50:59.815] [DEBUG] router - route=posts,username=markangeltrueman,endpoint=approved/:1
[2018-07-15T11:50:59.834] [DEBUG] router - route=posts,username=markangeltrueman,endpoint=approved/:1
[2018-07-15T12:12:15.676] [DEBUG] router - route=users,username=markangeltrueman,endpoint=/levels
[2018-07-15T12:12:15.678] [DEBUG] router - route=posts,username=markangeltrueman,endpoint=approved/:1
[2018-07-15T12:12:15.679] [DEBUG] router - route=posts,username=markangeltrueman,endpoint=approved/:1
[2018-07-15T12:12:15.703] [DEBUG] router - route=posts,username=markangeltrueman,endpoint=approved/:1
[2018-07-15T12:12:17.117] [DEBUG] router - route=users,username=markangeltrueman,endpoint=/allusers
[2018-07-15T12:12:20.608] [DEBUG] router - route=users,username=markangeltrueman,endpoint=/allusers
[2018-07-15T12:13:34.817] [DEBUG] router - route=posts,username=markangeltrueman,endpoint=approved/:1
[2018-07-15T12:13:34.840] [DEBUG] router - route=users,username=markangeltrueman,endpoint=/levels
[2018-07-15T12:13:34.842] [DEBUG] router - route=posts,username=markangeltrueman,endpoint=approved/:1
[2018-07-15T12:13:34.912] [DEBUG] router - route=users,username=markangeltrueman,endpoint=/allusers
[2018-07-15T12:16:01.535] [DEBUG] router - route=posts,username=markangeltrueman,endpoint=approved/:1
